#-----------------------------------------------------------
# Vivado v2019.1 (64-bit)
# SW Build 2552052 on Fri May 24 14:49:42 MDT 2019
# IP Build 2548770 on Fri May 24 18:01:18 MDT 2019
# Start of session at: Wed Feb 14 23:36:05 2024
# Process ID: 25824
# Current directory: C:/Users/lorti/Desktop/CSE100/Lab5_HelpppAlmostdone.xpr/Lab4
# Command line: vivado.exe -gui_launcher_event rodinguilauncherevent23480 C:\Users\lorti\Desktop\CSE100\Lab5_HelpppAlmostdone.xpr\Lab4\Lab4.xpr
# Log file: C:/Users/lorti/Desktop/CSE100/Lab5_HelpppAlmostdone.xpr/Lab4/vivado.log
# Journal file: C:/Users/lorti/Desktop/CSE100/Lab5_HelpppAlmostdone.xpr/Lab4\vivado.jou
#-----------------------------------------------------------
start_gui
open_project C:/Users/lorti/Desktop/CSE100/Lab5_HelpppAlmostdone.xpr/Lab4/Lab4.xpr
INFO: [Project 1-313] Project file moved from 'C:/Users/lorti/Desktop/CSE100/Lab4_DONE_DONEWW.xpr/Lab5_HELP.xpr/Lab4/.Xil/Vivado-17172-LauraPC/PrjAr/_X_' since last save.
Scanning sources...
Finished scanning sources
INFO: [IP_Flow 19-234] Refreshing IP repositories
INFO: [IP_Flow 19-1704] No user IP repositories specified
INFO: [IP_Flow 19-2313] Loaded Vivado IP repository 'C:/Users/lorti/.Xilinx/Vivado/2019.1/data/ip'.
update_compile_order -fileset sources_1
open_hw
connect_hw_server
INFO: [Labtools 27-2285] Connecting to hw_server url TCP:localhost:3121
open_hw_target
INFO: [Labtoolstcl 44-466] Opening hw_target localhost:3121/xilinx_tcf/Digilent/210183ACAAAEA
set_property PROGRAM.FILE {C:/Users/lorti/Desktop/CSE100/Lab5_HelpppAlmostdone.xpr/Lab4/Lab4.runs/impl_1/TopMod.bit} [get_hw_devices xc7a35t_0]
current_hw_device [get_hw_devices xc7a35t_0]
refresh_hw_device -update_hw_probes false [lindex [get_hw_devices xc7a35t_0] 0]
INFO: [Labtools 27-1434] Device xc7a35t (JTAG device index = 0) is programmed with a design that has no supported debug core(s) in it.
set_property PROBES.FILE {} [get_hw_devices xc7a35t_0]
set_property FULL_PROBES.FILE {} [get_hw_devices xc7a35t_0]
set_property PROGRAM.FILE {C:/Users/lorti/Desktop/CSE100/Lab5_HelpppAlmostdone.xpr/Lab4/Lab4.runs/impl_1/TopMod.bit} [get_hw_devices xc7a35t_0]
program_hw_devices [get_hw_devices xc7a35t_0]
INFO: [Labtools 27-3164] End of startup status: HIGH
refresh_hw_device [lindex [get_hw_devices xc7a35t_0] 0]
INFO: [Labtools 27-1434] Device xc7a35t (JTAG device index = 0) is programmed with a design that has no supported debug core(s) in it.
reset_run synth_1
launch_runs impl_1 -to_step write_bitstream
[Wed Feb 14 23:43:49 2024] Launched synth_1...
Run output will be captured here: C:/Users/lorti/Desktop/CSE100/Lab5_HelpppAlmostdone.xpr/Lab4/Lab4.runs/synth_1/runme.log
[Wed Feb 14 23:43:49 2024] Launched impl_1...
Run output will be captured here: C:/Users/lorti/Desktop/CSE100/Lab5_HelpppAlmostdone.xpr/Lab4/Lab4.runs/impl_1/runme.log
ERROR: [Labtoolstcl 44-513] HW Target shutdown. Closing target: localhost:3121/xilinx_tcf/Digilent/210183ACAAAEA
INFO: [Labtoolstcl 44-466] Opening hw_target localhost:3121/xilinx_tcf/Digilent/210183ACAAAEA
INFO: [Labtools 27-1434] Device xc7a35t (JTAG device index = 0) is programmed with a design that has no supported debug core(s) in it.
WARNING: [Labtoolstcl 44-129] No matching hw_ila_data was found.
set_property PROBES.FILE {} [get_hw_devices xc7a35t_0]
set_property FULL_PROBES.FILE {} [get_hw_devices xc7a35t_0]
set_property PROGRAM.FILE {C:/Users/lorti/Desktop/CSE100/Lab5_HelpppAlmostdone.xpr/Lab4/Lab4.runs/impl_1/TopMod.bit} [get_hw_devices xc7a35t_0]
program_hw_devices [get_hw_devices xc7a35t_0]
INFO: [Labtools 27-3164] End of startup status: HIGH
refresh_hw_device [lindex [get_hw_devices xc7a35t_0] 0]
INFO: [Labtools 27-1434] Device xc7a35t (JTAG device index = 0) is programmed with a design that has no supported debug core(s) in it.
reset_run synth_1
launch_runs impl_1 -to_step write_bitstream
[Wed Feb 14 23:47:48 2024] Launched synth_1...
Run output will be captured here: C:/Users/lorti/Desktop/CSE100/Lab5_HelpppAlmostdone.xpr/Lab4/Lab4.runs/synth_1/runme.log
[Wed Feb 14 23:47:48 2024] Launched impl_1...
Run output will be captured here: C:/Users/lorti/Desktop/CSE100/Lab5_HelpppAlmostdone.xpr/Lab4/Lab4.runs/impl_1/runme.log
set_property PROBES.FILE {} [get_hw_devices xc7a35t_0]
set_property FULL_PROBES.FILE {} [get_hw_devices xc7a35t_0]
set_property PROGRAM.FILE {C:/Users/lorti/Desktop/CSE100/Lab5_HelpppAlmostdone.xpr/Lab4/Lab4.runs/impl_1/TopMod.bit} [get_hw_devices xc7a35t_0]
program_hw_devices [get_hw_devices xc7a35t_0]
INFO: [Labtools 27-3164] End of startup status: HIGH
refresh_hw_device [lindex [get_hw_devices xc7a35t_0] 0]
INFO: [Labtools 27-1434] Device xc7a35t (JTAG device index = 0) is programmed with a design that has no supported debug core(s) in it.
reset_run synth_1
launch_runs impl_1 -to_step write_bitstream
[Thu Feb 15 00:03:42 2024] Launched synth_1...
Run output will be captured here: C:/Users/lorti/Desktop/CSE100/Lab5_HelpppAlmostdone.xpr/Lab4/Lab4.runs/synth_1/runme.log
[Thu Feb 15 00:03:42 2024] Launched impl_1...
Run output will be captured here: C:/Users/lorti/Desktop/CSE100/Lab5_HelpppAlmostdone.xpr/Lab4/Lab4.runs/impl_1/runme.log
reset_run synth_1
launch_runs impl_1 -to_step write_bitstream
[Thu Feb 15 00:13:15 2024] Launched synth_1...
Run output will be captured here: C:/Users/lorti/Desktop/CSE100/Lab5_HelpppAlmostdone.xpr/Lab4/Lab4.runs/synth_1/runme.log
[Thu Feb 15 00:13:15 2024] Launched impl_1...
Run output will be captured here: C:/Users/lorti/Desktop/CSE100/Lab5_HelpppAlmostdone.xpr/Lab4/Lab4.runs/impl_1/runme.log
update_compile_order -fileset sources_1
reset_run synth_1
launch_runs impl_1 -to_step write_bitstream
[Thu Feb 15 00:15:53 2024] Launched synth_1...
Run output will be captured here: C:/Users/lorti/Desktop/CSE100/Lab5_HelpppAlmostdone.xpr/Lab4/Lab4.runs/synth_1/runme.log
[Thu Feb 15 00:15:53 2024] Launched impl_1...
Run output will be captured here: C:/Users/lorti/Desktop/CSE100/Lab5_HelpppAlmostdone.xpr/Lab4/Lab4.runs/impl_1/runme.log
ERROR: [Labtoolstcl 44-513] HW Target shutdown. Closing target: localhost:3121/xilinx_tcf/Digilent/210183ACAAAEA
INFO: [Labtoolstcl 44-466] Opening hw_target localhost:3121/xilinx_tcf/Digilent/210183ACAAAEA
INFO: [Labtools 27-1434] Device xc7a35t (JTAG device index = 0) is programmed with a design that has no supported debug core(s) in it.
WARNING: [Labtoolstcl 44-129] No matching hw_ila_data was found.
reset_run synth_1
launch_runs impl_1 -to_step write_bitstream
[Thu Feb 15 00:21:28 2024] Launched synth_1...
Run output will be captured here: C:/Users/lorti/Desktop/CSE100/Lab5_HelpppAlmostdone.xpr/Lab4/Lab4.runs/synth_1/runme.log
[Thu Feb 15 00:21:28 2024] Launched impl_1...
Run output will be captured here: C:/Users/lorti/Desktop/CSE100/Lab5_HelpppAlmostdone.xpr/Lab4/Lab4.runs/impl_1/runme.log
update_compile_order -fileset sources_1
reset_run synth_1
launch_runs impl_1 -to_step write_bitstream
[Thu Feb 15 00:29:25 2024] Launched synth_1...
Run output will be captured here: C:/Users/lorti/Desktop/CSE100/Lab5_HelpppAlmostdone.xpr/Lab4/Lab4.runs/synth_1/runme.log
[Thu Feb 15 00:29:25 2024] Launched impl_1...
Run output will be captured here: C:/Users/lorti/Desktop/CSE100/Lab5_HelpppAlmostdone.xpr/Lab4/Lab4.runs/impl_1/runme.log
set_property PROBES.FILE {} [get_hw_devices xc7a35t_0]
set_property FULL_PROBES.FILE {} [get_hw_devices xc7a35t_0]
set_property PROGRAM.FILE {C:/Users/lorti/Desktop/CSE100/Lab5_HelpppAlmostdone.xpr/Lab4/Lab4.runs/impl_1/TopMod.bit} [get_hw_devices xc7a35t_0]
program_hw_devices [get_hw_devices xc7a35t_0]
INFO: [Labtools 27-3164] End of startup status: HIGH
refresh_hw_device [lindex [get_hw_devices xc7a35t_0] 0]
INFO: [Labtools 27-1434] Device xc7a35t (JTAG device index = 0) is programmed with a design that has no supported debug core(s) in it.
reset_run synth_1
launch_runs impl_1 -to_step write_bitstream
[Thu Feb 15 00:33:16 2024] Launched synth_1...
Run output will be captured here: C:/Users/lorti/Desktop/CSE100/Lab5_HelpppAlmostdone.xpr/Lab4/Lab4.runs/synth_1/runme.log
[Thu Feb 15 00:33:16 2024] Launched impl_1...
Run output will be captured here: C:/Users/lorti/Desktop/CSE100/Lab5_HelpppAlmostdone.xpr/Lab4/Lab4.runs/impl_1/runme.log
set_property PROBES.FILE {} [get_hw_devices xc7a35t_0]
set_property FULL_PROBES.FILE {} [get_hw_devices xc7a35t_0]
set_property PROGRAM.FILE {C:/Users/lorti/Desktop/CSE100/Lab5_HelpppAlmostdone.xpr/Lab4/Lab4.runs/impl_1/TopMod.bit} [get_hw_devices xc7a35t_0]
program_hw_devices [get_hw_devices xc7a35t_0]
INFO: [Labtools 27-3164] End of startup status: HIGH
refresh_hw_device [lindex [get_hw_devices xc7a35t_0] 0]
INFO: [Labtools 27-1434] Device xc7a35t (JTAG device index = 0) is programmed with a design that has no supported debug core(s) in it.
reset_run synth_1
launch_runs impl_1 -to_step write_bitstream
[Thu Feb 15 00:36:32 2024] Launched synth_1...
Run output will be captured here: C:/Users/lorti/Desktop/CSE100/Lab5_HelpppAlmostdone.xpr/Lab4/Lab4.runs/synth_1/runme.log
[Thu Feb 15 00:36:32 2024] Launched impl_1...
Run output will be captured here: C:/Users/lorti/Desktop/CSE100/Lab5_HelpppAlmostdone.xpr/Lab4/Lab4.runs/impl_1/runme.log
archive_project C:/Users/lorti/Desktop/CSE100/Lab555FInalll.xpr.zip -temp_dir C:/Users/lorti/Desktop/CSE100/Lab5_HelpppAlmostdone.xpr/Lab4/.Xil/Vivado-25824-LauraPC -force -include_local_ip_cache
INFO: [Coretcl 2-137] starting archive...
INFO: [Coretcl 2-1499] Saving project copy to temporary location 'C:/Users/lorti/Desktop/CSE100/Lab5_HelpppAlmostdone.xpr/Lab4/.Xil/Vivado-25824-LauraPC' for archiving project
Scanning sources...
Finished scanning sources
INFO: [Coretcl 2-1211] Creating project copy for archival...
INFO: [ProjectBase 1-495] The host OS only allows 260 characters in a normal path. The project is stored in a path with more than 80 characters. If you experience any problem with archiving the project, please consider setting environment variable $TEMP to a shorter path.
Current project path is 'C:/Users/lorti/Desktop/CSE100/Lab5_HelpppAlmostdone.xpr/Lab4/.Xil/Vivado-25824-LauraPC/PrjAr/_X_'.
INFO: [Coretcl 2-1213] Including run results for 'synth_1'
INFO: [Coretcl 2-1213] Including run results for 'impl_1'
INFO: [Coretcl 2-1212] Importing remotely added design sources and verilog include files (if any)...
INFO: [filemgmt 20-334] All file(s) are already imported in fileset: 'constrs_1'
INFO: [filemgmt 20-348] Importing the appropriate files for fileset: 'constrs_1'
INFO: [filemgmt 20-334] All file(s) are already imported in fileset: 'sim_1'
INFO: [filemgmt 20-348] Importing the appropriate files for fileset: 'sim_1'
INFO: [filemgmt 20-348] Importing the appropriate files for fileset: 'sources_1'
INFO: [Coretcl 2-1209] Adding archive summary file to the project...
INFO: [Coretcl 2-1214] Preparing project files for archive...
INFO: [Coretcl 2-1210] Compressing project files and data...
INFO: [Coretcl 2-1215] Project archived (C:/Users/lorti/Desktop/CSE100/Lab555FInalll.xpr.zip)
INFO: [Coretcl 2-1216] To view the archive summary log in GUI, double click on 'Design Sources->Text->archive_project_summary.txt', or open this file from the archived project directory.
ERROR: [Labtoolstcl 44-513] HW Target shutdown. Closing target: localhost:3121/xilinx_tcf/Digilent/210183ACAAAEA
INFO: [Labtoolstcl 44-466] Opening hw_target localhost:3121/xilinx_tcf/Digilent/210183ACAAAEA
INFO: [Labtools 27-1434] Device xc7a35t (JTAG device index = 0) is programmed with a design that has no supported debug core(s) in it.
WARNING: [Labtoolstcl 44-129] No matching hw_ila_data was found.
ERROR: [Labtoolstcl 44-513] HW Target shutdown. Closing target: localhost:3121/xilinx_tcf/Digilent/210183ACAAAEA
reset_run impl_1 -prev_step 
launch_runs impl_1 -to_step write_bitstream
[Thu Feb 15 03:05:45 2024] Launched impl_1...
Run output will be captured here: C:/Users/lorti/Desktop/CSE100/Lab5_HelpppAlmostdone.xpr/Lab4/Lab4.runs/impl_1/runme.log
reset_run synth_1
launch_runs impl_1 -to_step write_bitstream
[Thu Feb 15 03:07:49 2024] Launched synth_1...
Run output will be captured here: C:/Users/lorti/Desktop/CSE100/Lab5_HelpppAlmostdone.xpr/Lab4/Lab4.runs/synth_1/runme.log
[Thu Feb 15 03:07:49 2024] Launched impl_1...
Run output will be captured here: C:/Users/lorti/Desktop/CSE100/Lab5_HelpppAlmostdone.xpr/Lab4/Lab4.runs/impl_1/runme.log
disconnect_hw_server localhost:3121
connect_hw_server
INFO: [Labtools 27-2285] Connecting to hw_server url TCP:localhost:3121
ERROR: [Labtoolstcl 44-494] There is no active target available for server at localhost.
 Targets(s) ", jsn-Basys3-210183ACAAAEA" may be locked by another hw_server.
disconnect_hw_server localhost:3121
connect_hw_server
INFO: [Labtools 27-2285] Connecting to hw_server url TCP:localhost:3121
open_hw_target
INFO: [Labtoolstcl 44-466] Opening hw_target localhost:3121/xilinx_tcf/Digilent/210183ACAAAEA
set_property PROGRAM.FILE {C:/Users/lorti/Desktop/CSE100/Lab5_HelpppAlmostdone.xpr/Lab4/Lab4.runs/impl_1/TopMod.bit} [get_hw_devices xc7a35t_0]
current_hw_device [get_hw_devices xc7a35t_0]
refresh_hw_device -update_hw_probes false [lindex [get_hw_devices xc7a35t_0] 0]
INFO: [Labtools 27-1434] Device xc7a35t (JTAG device index = 0) is programmed with a design that has no supported debug core(s) in it.
set_property PROBES.FILE {} [get_hw_devices xc7a35t_0]
set_property FULL_PROBES.FILE {} [get_hw_devices xc7a35t_0]
set_property PROGRAM.FILE {C:/Users/lorti/Desktop/CSE100/Lab5_HelpppAlmostdone.xpr/Lab4/Lab4.runs/impl_1/TopMod.bit} [get_hw_devices xc7a35t_0]
program_hw_devices [get_hw_devices xc7a35t_0]
INFO: [Labtools 27-3164] End of startup status: HIGH
refresh_hw_device [lindex [get_hw_devices xc7a35t_0] 0]
INFO: [Labtools 27-1434] Device xc7a35t (JTAG device index = 0) is programmed with a design that has no supported debug core(s) in it.
reset_run impl_1 -prev_step 
launch_runs impl_1 -to_step write_bitstream
[Thu Feb 15 03:17:41 2024] Launched impl_1...
Run output will be captured here: C:/Users/lorti/Desktop/CSE100/Lab5_HelpppAlmostdone.xpr/Lab4/Lab4.runs/impl_1/runme.log
reset_run synth_1
launch_runs impl_1 -to_step write_bitstream
[Thu Feb 15 03:19:51 2024] Launched synth_1...
Run output will be captured here: C:/Users/lorti/Desktop/CSE100/Lab5_HelpppAlmostdone.xpr/Lab4/Lab4.runs/synth_1/runme.log
[Thu Feb 15 03:19:51 2024] Launched impl_1...
Run output will be captured here: C:/Users/lorti/Desktop/CSE100/Lab5_HelpppAlmostdone.xpr/Lab4/Lab4.runs/impl_1/runme.log
set_property PROBES.FILE {} [get_hw_devices xc7a35t_0]
set_property FULL_PROBES.FILE {} [get_hw_devices xc7a35t_0]
set_property PROGRAM.FILE {C:/Users/lorti/Desktop/CSE100/Lab5_HelpppAlmostdone.xpr/Lab4/Lab4.runs/impl_1/TopMod.bit} [get_hw_devices xc7a35t_0]
program_hw_devices [get_hw_devices xc7a35t_0]
INFO: [Labtools 27-3164] End of startup status: HIGH
refresh_hw_device [lindex [get_hw_devices xc7a35t_0] 0]
INFO: [Labtools 27-1434] Device xc7a35t (JTAG device index = 0) is programmed with a design that has no supported debug core(s) in it.
reset_run impl_1 -prev_step 
launch_runs impl_1 -to_step write_bitstream
[Thu Feb 15 03:22:34 2024] Launched impl_1...
Run output will be captured here: C:/Users/lorti/Desktop/CSE100/Lab5_HelpppAlmostdone.xpr/Lab4/Lab4.runs/impl_1/runme.log
reset_run synth_1
launch_runs impl_1 -to_step write_bitstream
[Thu Feb 15 03:24:21 2024] Launched synth_1...
Run output will be captured here: C:/Users/lorti/Desktop/CSE100/Lab5_HelpppAlmostdone.xpr/Lab4/Lab4.runs/synth_1/runme.log
[Thu Feb 15 03:24:21 2024] Launched impl_1...
Run output will be captured here: C:/Users/lorti/Desktop/CSE100/Lab5_HelpppAlmostdone.xpr/Lab4/Lab4.runs/impl_1/runme.log
set_property PROBES.FILE {} [get_hw_devices xc7a35t_0]
set_property FULL_PROBES.FILE {} [get_hw_devices xc7a35t_0]
set_property PROGRAM.FILE {C:/Users/lorti/Desktop/CSE100/Lab5_HelpppAlmostdone.xpr/Lab4/Lab4.runs/impl_1/TopMod.bit} [get_hw_devices xc7a35t_0]
program_hw_devices [get_hw_devices xc7a35t_0]
INFO: [Labtools 27-3164] End of startup status: HIGH
refresh_hw_device [lindex [get_hw_devices xc7a35t_0] 0]
INFO: [Labtools 27-1434] Device xc7a35t (JTAG device index = 0) is programmed with a design that has no supported debug core(s) in it.
set_property PROBES.FILE {} [get_hw_devices xc7a35t_0]
set_property FULL_PROBES.FILE {} [get_hw_devices xc7a35t_0]
set_property PROGRAM.FILE {C:/Users/lorti/Desktop/CSE100/Lab5_HelpppAlmostdone.xpr/Lab4/Lab4.runs/impl_1/TopMod.bit} [get_hw_devices xc7a35t_0]
program_hw_devices [get_hw_devices xc7a35t_0]
INFO: [Labtools 27-3164] End of startup status: HIGH
refresh_hw_device [lindex [get_hw_devices xc7a35t_0] 0]
INFO: [Labtools 27-1434] Device xc7a35t (JTAG device index = 0) is programmed with a design that has no supported debug core(s) in it.
ERROR: [Labtoolstcl 44-513] HW Target shutdown. Closing target: localhost:3121/xilinx_tcf/Digilent/210183ACAAAEA
INFO: [Labtoolstcl 44-466] Opening hw_target localhost:3121/xilinx_tcf/Digilent/210183ACAAAEA
INFO: [Labtools 27-1434] Device xc7a35t (JTAG device index = 0) is programmed with a design that has no supported debug core(s) in it.
WARNING: [Labtoolstcl 44-129] No matching hw_ila_data was found.
ERROR: [Labtoolstcl 44-513] HW Target shutdown. Closing target: localhost:3121/xilinx_tcf/Digilent/210183ACAAAEA
INFO: [Labtoolstcl 44-466] Opening hw_target localhost:3121/xilinx_tcf/Digilent/210183ACAAAEA
INFO: [Labtools 27-1434] Device xc7a35t (JTAG device index = 0) is programmed with a design that has no supported debug core(s) in it.
WARNING: [Labtoolstcl 44-129] No matching hw_ila_data was found.
set_property PROBES.FILE {} [get_hw_devices xc7a35t_0]
set_property FULL_PROBES.FILE {} [get_hw_devices xc7a35t_0]
set_property PROGRAM.FILE {C:/Users/lorti/Desktop/CSE100/Lab5_HelpppAlmostdone.xpr/Lab4/Lab4.runs/impl_1/TopMod.bit} [get_hw_devices xc7a35t_0]
program_hw_devices [get_hw_devices xc7a35t_0]
INFO: [Labtools 27-3164] End of startup status: HIGH
refresh_hw_device [lindex [get_hw_devices xc7a35t_0] 0]
INFO: [Labtools 27-1434] Device xc7a35t (JTAG device index = 0) is programmed with a design that has no supported debug core(s) in it.
ERROR: [Labtoolstcl 44-513] HW Target shutdown. Closing target: localhost:3121/xilinx_tcf/Digilent/210183ACAAAEA
INFO: [Labtoolstcl 44-466] Opening hw_target localhost:3121/xilinx_tcf/Digilent/210183ACAAAEA
INFO: [Labtools 27-1434] Device xc7a35t (JTAG device index = 0) is programmed with a design that has no supported debug core(s) in it.
WARNING: [Labtoolstcl 44-129] No matching hw_ila_data was found.
set_property PROBES.FILE {} [get_hw_devices xc7a35t_0]
set_property FULL_PROBES.FILE {} [get_hw_devices xc7a35t_0]
set_property PROGRAM.FILE {C:/Users/lorti/Desktop/CSE100/Lab5_HelpppAlmostdone.xpr/Lab4/Lab4.runs/impl_1/TopMod.bit} [get_hw_devices xc7a35t_0]
program_hw_devices [get_hw_devices xc7a35t_0]
INFO: [Labtools 27-3164] End of startup status: HIGH
refresh_hw_device [lindex [get_hw_devices xc7a35t_0] 0]
INFO: [Labtools 27-1434] Device xc7a35t (JTAG device index = 0) is programmed with a design that has no supported debug core(s) in it.
reset_run impl_1 -prev_step 
launch_runs impl_1 -to_step write_bitstream
[Thu Feb 15 03:34:56 2024] Launched impl_1...
Run output will be captured here: C:/Users/lorti/Desktop/CSE100/Lab5_HelpppAlmostdone.xpr/Lab4/Lab4.runs/impl_1/runme.log
reset_run synth_1
launch_runs impl_1 -to_step write_bitstream
[Thu Feb 15 03:36:07 2024] Launched synth_1...
Run output will be captured here: C:/Users/lorti/Desktop/CSE100/Lab5_HelpppAlmostdone.xpr/Lab4/Lab4.runs/synth_1/runme.log
[Thu Feb 15 03:36:07 2024] Launched impl_1...
Run output will be captured here: C:/Users/lorti/Desktop/CSE100/Lab5_HelpppAlmostdone.xpr/Lab4/Lab4.runs/impl_1/runme.log
set_property PROBES.FILE {} [get_hw_devices xc7a35t_0]
set_property FULL_PROBES.FILE {} [get_hw_devices xc7a35t_0]
set_property PROGRAM.FILE {C:/Users/lorti/Desktop/CSE100/Lab5_HelpppAlmostdone.xpr/Lab4/Lab4.runs/impl_1/TopMod.bit} [get_hw_devices xc7a35t_0]
program_hw_devices [get_hw_devices xc7a35t_0]
INFO: [Labtools 27-3164] End of startup status: HIGH
refresh_hw_device [lindex [get_hw_devices xc7a35t_0] 0]
INFO: [Labtools 27-1434] Device xc7a35t (JTAG device index = 0) is programmed with a design that has no supported debug core(s) in it.
ERROR: [Labtoolstcl 44-513] HW Target shutdown. Closing target: localhost:3121/xilinx_tcf/Digilent/210183ACAAAEA
disconnect_hw_server localhost:3121
connect_hw_server
INFO: [Labtools 27-2285] Connecting to hw_server url TCP:localhost:3121
open_hw_target
INFO: [Labtoolstcl 44-466] Opening hw_target localhost:3121/xilinx_tcf/Digilent/210183AB4877A
set_property PROGRAM.FILE {C:/Users/lorti/Desktop/CSE100/Lab5_HelpppAlmostdone.xpr/Lab4/Lab4.runs/impl_1/TopMod.bit} [get_hw_devices xc7a35t_0]
current_hw_device [get_hw_devices xc7a35t_0]
refresh_hw_device -update_hw_probes false [lindex [get_hw_devices xc7a35t_0] 0]
INFO: [Labtools 27-1435] Device xc7a35t (JTAG device index = 0) is not programmed (DONE status = 0).
set_property PROBES.FILE {} [get_hw_devices xc7a35t_0]
set_property FULL_PROBES.FILE {} [get_hw_devices xc7a35t_0]
set_property PROGRAM.FILE {C:/Users/lorti/Desktop/CSE100/Lab5_HelpppAlmostdone.xpr/Lab4/Lab4.runs/impl_1/TopMod.bit} [get_hw_devices xc7a35t_0]
program_hw_devices [get_hw_devices xc7a35t_0]
INFO: [Labtools 27-3164] End of startup status: HIGH
refresh_hw_device [lindex [get_hw_devices xc7a35t_0] 0]
INFO: [Labtools 27-1434] Device xc7a35t (JTAG device index = 0) is programmed with a design that has no supported debug core(s) in it.
reset_run impl_1 -prev_step 
launch_runs impl_1 -to_step write_bitstream
[Thu Feb 15 15:34:55 2024] Launched impl_1...
Run output will be captured here: C:/Users/lorti/Desktop/CSE100/Lab5_HelpppAlmostdone.xpr/Lab4/Lab4.runs/impl_1/runme.log
reset_run synth_1
launch_runs impl_1 -to_step write_bitstream
[Thu Feb 15 15:36:35 2024] Launched synth_1...
Run output will be captured here: C:/Users/lorti/Desktop/CSE100/Lab5_HelpppAlmostdone.xpr/Lab4/Lab4.runs/synth_1/runme.log
[Thu Feb 15 15:36:35 2024] Launched impl_1...
Run output will be captured here: C:/Users/lorti/Desktop/CSE100/Lab5_HelpppAlmostdone.xpr/Lab4/Lab4.runs/impl_1/runme.log
set_property PROBES.FILE {} [get_hw_devices xc7a35t_0]
set_property FULL_PROBES.FILE {} [get_hw_devices xc7a35t_0]
set_property PROGRAM.FILE {C:/Users/lorti/Desktop/CSE100/Lab5_HelpppAlmostdone.xpr/Lab4/Lab4.runs/impl_1/TopMod.bit} [get_hw_devices xc7a35t_0]
program_hw_devices [get_hw_devices xc7a35t_0]
INFO: [Labtools 27-3164] End of startup status: HIGH
refresh_hw_device [lindex [get_hw_devices xc7a35t_0] 0]
INFO: [Labtools 27-1434] Device xc7a35t (JTAG device index = 0) is programmed with a design that has no supported debug core(s) in it.
reset_run impl_1 -prev_step 
launch_runs impl_1 -to_step write_bitstream
[Thu Feb 15 15:39:07 2024] Launched impl_1...
Run output will be captured here: C:/Users/lorti/Desktop/CSE100/Lab5_HelpppAlmostdone.xpr/Lab4/Lab4.runs/impl_1/runme.log
reset_run synth_1
launch_runs impl_1 -to_step write_bitstream
[Thu Feb 15 15:40:38 2024] Launched synth_1...
Run output will be captured here: C:/Users/lorti/Desktop/CSE100/Lab5_HelpppAlmostdone.xpr/Lab4/Lab4.runs/synth_1/runme.log
[Thu Feb 15 15:40:38 2024] Launched impl_1...
Run output will be captured here: C:/Users/lorti/Desktop/CSE100/Lab5_HelpppAlmostdone.xpr/Lab4/Lab4.runs/impl_1/runme.log
set_property PROBES.FILE {} [get_hw_devices xc7a35t_0]
set_property FULL_PROBES.FILE {} [get_hw_devices xc7a35t_0]
set_property PROGRAM.FILE {C:/Users/lorti/Desktop/CSE100/Lab5_HelpppAlmostdone.xpr/Lab4/Lab4.runs/impl_1/TopMod.bit} [get_hw_devices xc7a35t_0]
program_hw_devices [get_hw_devices xc7a35t_0]
INFO: [Labtools 27-3164] End of startup status: HIGH
refresh_hw_device [lindex [get_hw_devices xc7a35t_0] 0]
INFO: [Labtools 27-1434] Device xc7a35t (JTAG device index = 0) is programmed with a design that has no supported debug core(s) in it.
reset_run impl_1 -prev_step 
launch_runs impl_1 -to_step write_bitstream
[Thu Feb 15 15:46:00 2024] Launched impl_1...
Run output will be captured here: C:/Users/lorti/Desktop/CSE100/Lab5_HelpppAlmostdone.xpr/Lab4/Lab4.runs/impl_1/runme.log
launch_simulation
INFO: [Vivado 12-5682] Launching behavioral simulation in 'C:/Users/lorti/Desktop/CSE100/Lab5_HelpppAlmostdone.xpr/Lab4/Lab4.sim/sim_1/behav/xsim'
INFO: [SIM-utils-51] Simulation object is 'sim_1'
INFO: [SIM-utils-54] Inspecting design source files for 'SM_test' in fileset 'sim_1'...
INFO: [USF-XSim-97] Finding global include files...
INFO: [USF-XSim-98] Fetching design files from 'sim_1'...
INFO: [USF-XSim-2] XSim::Compile design
INFO: [USF-XSim-61] Executing 'COMPILE and ANALYZE' step in 'C:/Users/lorti/Desktop/CSE100/Lab5_HelpppAlmostdone.xpr/Lab4/Lab4.sim/sim_1/behav/xsim'
"xvlog --incr --relax -prj SM_test_vlog.prj"
INFO: [VRFC 10-2263] Analyzing Verilog file "C:/Users/lorti/Desktop/CSE100/Lab5_HelpppAlmostdone.xpr/Lab4/Lab4.srcs/sim_1/new/test1.v" into library xil_defaultlib
INFO: [VRFC 10-311] analyzing module SM_test
INFO: [VRFC 10-2263] Analyzing Verilog file "C:/Users/lorti/Desktop/CSE100/Lab5_HelpppAlmostdone.xpr/Lab4/Lab4.sim/sim_1/behav/xsim/glbl.v" into library xil_defaultlib
INFO: [VRFC 10-311] analyzing module glbl
INFO: [USF-XSim-69] 'compile' step finished in '2' seconds
INFO: [USF-XSim-3] XSim::Elaborate design
INFO: [USF-XSim-61] Executing 'ELABORATE' step in 'C:/Users/lorti/Desktop/CSE100/Lab5_HelpppAlmostdone.xpr/Lab4/Lab4.sim/sim_1/behav/xsim'
"xelab -wto 736e0621748d4a6da27cb8e6ba5d93f2 --incr --debug typical --relax --mt 2 -L xil_defaultlib -L unisims_ver -L unimacro_ver -L secureip --snapshot SM_test_behav xil_defaultlib.SM_test xil_defaultlib.glbl -log elaborate.log"
Vivado Simulator 2019.1
Copyright 1986-1999, 2001-2019 Xilinx, Inc. All Rights Reserved.
Running: C:/Users/lorti/.Xilinx/Vivado/2019.1/bin/unwrapped/win64.o/xelab.exe -wto 736e0621748d4a6da27cb8e6ba5d93f2 --incr --debug typical --relax --mt 2 -L xil_defaultlib -L unisims_ver -L unimacro_ver -L secureip --snapshot SM_test_behav xil_defaultlib.SM_test xil_defaultlib.glbl -log elaborate.log 
Using 2 slave threads.
Starting static elaboration
ERROR: [VRFC 10-2063] Module <ST> not found while processing module instance <UUT> [C:/Users/lorti/Desktop/CSE100/Lab5_HelpppAlmostdone.xpr/Lab4/Lab4.srcs/sim_1/new/test1.v:30]
ERROR: [XSIM 43-3322] Static elaboration of top level Verilog design unit(s) in library work failed.
INFO: [USF-XSim-69] 'elaborate' step finished in '2' seconds
INFO: [USF-XSim-99] Step results log file:'C:/Users/lorti/Desktop/CSE100/Lab5_HelpppAlmostdone.xpr/Lab4/Lab4.sim/sim_1/behav/xsim/elaborate.log'
ERROR: [USF-XSim-62] 'elaborate' step failed with error(s). Please check the Tcl console output or 'C:/Users/lorti/Desktop/CSE100/Lab5_HelpppAlmostdone.xpr/Lab4/Lab4.sim/sim_1/behav/xsim/elaborate.log' file for more information.
ERROR: [Vivado 12-4473] Detected error while running simulation. Please correct the issue and retry this operation.
ERROR: [Common 17-39] 'launch_simulation' failed due to earlier errors.
reset_run synth_1
launch_runs impl_1 -to_step write_bitstream
[Thu Feb 15 15:47:10 2024] Launched synth_1...
Run output will be captured here: C:/Users/lorti/Desktop/CSE100/Lab5_HelpppAlmostdone.xpr/Lab4/Lab4.runs/synth_1/runme.log
[Thu Feb 15 15:47:10 2024] Launched impl_1...
Run output will be captured here: C:/Users/lorti/Desktop/CSE100/Lab5_HelpppAlmostdone.xpr/Lab4/Lab4.runs/impl_1/runme.log
set_property PROBES.FILE {} [get_hw_devices xc7a35t_0]
set_property FULL_PROBES.FILE {} [get_hw_devices xc7a35t_0]
set_property PROGRAM.FILE {C:/Users/lorti/Desktop/CSE100/Lab5_HelpppAlmostdone.xpr/Lab4/Lab4.runs/impl_1/TopMod.bit} [get_hw_devices xc7a35t_0]
program_hw_devices [get_hw_devices xc7a35t_0]
INFO: [Labtools 27-3164] End of startup status: HIGH
refresh_hw_device [lindex [get_hw_devices xc7a35t_0] 0]
INFO: [Labtools 27-1434] Device xc7a35t (JTAG device index = 0) is programmed with a design that has no supported debug core(s) in it.
close [ open C:/Users/lorti/Desktop/CSE100/Lab5_HelpppAlmostdone.xpr/Lab4/Lab4.srcs/sources_1/new/timecounter2.v w ]
add_files C:/Users/lorti/Desktop/CSE100/Lab5_HelpppAlmostdone.xpr/Lab4/Lab4.srcs/sources_1/new/timecounter2.v
update_compile_order -fileset sources_1
reset_run synth_1
launch_runs impl_1 -to_step write_bitstream
[Thu Feb 15 15:55:39 2024] Launched synth_1...
Run output will be captured here: C:/Users/lorti/Desktop/CSE100/Lab5_HelpppAlmostdone.xpr/Lab4/Lab4.runs/synth_1/runme.log
[Thu Feb 15 15:55:39 2024] Launched impl_1...
Run output will be captured here: C:/Users/lorti/Desktop/CSE100/Lab5_HelpppAlmostdone.xpr/Lab4/Lab4.runs/impl_1/runme.log
update_compile_order -fileset sources_1
reset_run synth_1
launch_runs impl_1 -to_step write_bitstream
[Thu Feb 15 15:56:32 2024] Launched synth_1...
Run output will be captured here: C:/Users/lorti/Desktop/CSE100/Lab5_HelpppAlmostdone.xpr/Lab4/Lab4.runs/synth_1/runme.log
[Thu Feb 15 15:56:32 2024] Launched impl_1...
Run output will be captured here: C:/Users/lorti/Desktop/CSE100/Lab5_HelpppAlmostdone.xpr/Lab4/Lab4.runs/impl_1/runme.log
set_property PROBES.FILE {} [get_hw_devices xc7a35t_0]
set_property FULL_PROBES.FILE {} [get_hw_devices xc7a35t_0]
set_property PROGRAM.FILE {C:/Users/lorti/Desktop/CSE100/Lab5_HelpppAlmostdone.xpr/Lab4/Lab4.runs/impl_1/TopMod.bit} [get_hw_devices xc7a35t_0]
program_hw_devices [get_hw_devices xc7a35t_0]
INFO: [Labtools 27-3164] End of startup status: HIGH
refresh_hw_device [lindex [get_hw_devices xc7a35t_0] 0]
INFO: [Labtools 27-1434] Device xc7a35t (JTAG device index = 0) is programmed with a design that has no supported debug core(s) in it.
reset_run impl_1 -prev_step 
launch_runs impl_1 -to_step write_bitstream
[Thu Feb 15 16:00:12 2024] Launched impl_1...
Run output will be captured here: C:/Users/lorti/Desktop/CSE100/Lab5_HelpppAlmostdone.xpr/Lab4/Lab4.runs/impl_1/runme.log
reset_run synth_1
launch_runs impl_1 -to_step write_bitstream
[Thu Feb 15 16:01:02 2024] Launched synth_1...
Run output will be captured here: C:/Users/lorti/Desktop/CSE100/Lab5_HelpppAlmostdone.xpr/Lab4/Lab4.runs/synth_1/runme.log
[Thu Feb 15 16:01:02 2024] Launched impl_1...
Run output will be captured here: C:/Users/lorti/Desktop/CSE100/Lab5_HelpppAlmostdone.xpr/Lab4/Lab4.runs/impl_1/runme.log
set_property PROBES.FILE {} [get_hw_devices xc7a35t_0]
set_property FULL_PROBES.FILE {} [get_hw_devices xc7a35t_0]
set_property PROGRAM.FILE {C:/Users/lorti/Desktop/CSE100/Lab5_HelpppAlmostdone.xpr/Lab4/Lab4.runs/impl_1/TopMod.bit} [get_hw_devices xc7a35t_0]
program_hw_devices [get_hw_devices xc7a35t_0]
INFO: [Labtools 27-3164] End of startup status: HIGH
refresh_hw_device [lindex [get_hw_devices xc7a35t_0] 0]
INFO: [Labtools 27-1434] Device xc7a35t (JTAG device index = 0) is programmed with a design that has no supported debug core(s) in it.
reset_run impl_1 -prev_step 
launch_runs impl_1 -to_step write_bitstream
[Thu Feb 15 16:05:25 2024] Launched impl_1...
Run output will be captured here: C:/Users/lorti/Desktop/CSE100/Lab5_HelpppAlmostdone.xpr/Lab4/Lab4.runs/impl_1/runme.log
reset_run synth_1
launch_runs impl_1 -to_step write_bitstream
[Thu Feb 15 16:06:45 2024] Launched synth_1...
Run output will be captured here: C:/Users/lorti/Desktop/CSE100/Lab5_HelpppAlmostdone.xpr/Lab4/Lab4.runs/synth_1/runme.log
[Thu Feb 15 16:06:46 2024] Launched impl_1...
Run output will be captured here: C:/Users/lorti/Desktop/CSE100/Lab5_HelpppAlmostdone.xpr/Lab4/Lab4.runs/impl_1/runme.log
set_property PROBES.FILE {} [get_hw_devices xc7a35t_0]
set_property FULL_PROBES.FILE {} [get_hw_devices xc7a35t_0]
set_property PROGRAM.FILE {C:/Users/lorti/Desktop/CSE100/Lab5_HelpppAlmostdone.xpr/Lab4/Lab4.runs/impl_1/TopMod.bit} [get_hw_devices xc7a35t_0]
program_hw_devices [get_hw_devices xc7a35t_0]
INFO: [Labtools 27-3164] End of startup status: HIGH
refresh_hw_device [lindex [get_hw_devices xc7a35t_0] 0]
INFO: [Labtools 27-1434] Device xc7a35t (JTAG device index = 0) is programmed with a design that has no supported debug core(s) in it.
reset_run impl_1 -prev_step 
launch_runs impl_1 -to_step write_bitstream
[Thu Feb 15 16:09:59 2024] Launched impl_1...
Run output will be captured here: C:/Users/lorti/Desktop/CSE100/Lab5_HelpppAlmostdone.xpr/Lab4/Lab4.runs/impl_1/runme.log
reset_run synth_1
launch_runs impl_1 -to_step write_bitstream
[Thu Feb 15 16:18:26 2024] Launched synth_1...
Run output will be captured here: C:/Users/lorti/Desktop/CSE100/Lab5_HelpppAlmostdone.xpr/Lab4/Lab4.runs/synth_1/runme.log
[Thu Feb 15 16:18:26 2024] Launched impl_1...
Run output will be captured here: C:/Users/lorti/Desktop/CSE100/Lab5_HelpppAlmostdone.xpr/Lab4/Lab4.runs/impl_1/runme.log
set_property PROBES.FILE {} [get_hw_devices xc7a35t_0]
set_property FULL_PROBES.FILE {} [get_hw_devices xc7a35t_0]
set_property PROGRAM.FILE {C:/Users/lorti/Desktop/CSE100/Lab5_HelpppAlmostdone.xpr/Lab4/Lab4.runs/impl_1/TopMod.bit} [get_hw_devices xc7a35t_0]
program_hw_devices [get_hw_devices xc7a35t_0]
INFO: [Labtools 27-3164] End of startup status: HIGH
refresh_hw_device [lindex [get_hw_devices xc7a35t_0] 0]
INFO: [Labtools 27-1434] Device xc7a35t (JTAG device index = 0) is programmed with a design that has no supported debug core(s) in it.
close [ open C:/Users/lorti/Desktop/CSE100/Lab5_HelpppAlmostdone.xpr/Lab4/Lab4.srcs/sources_1/new/EdgeDetector.v w ]
add_files C:/Users/lorti/Desktop/CSE100/Lab5_HelpppAlmostdone.xpr/Lab4/Lab4.srcs/sources_1/new/EdgeDetector.v
update_compile_order -fileset sources_1
reset_run synth_1
launch_runs impl_1 -to_step write_bitstream
[Thu Feb 15 16:39:03 2024] Launched synth_1...
Run output will be captured here: C:/Users/lorti/Desktop/CSE100/Lab5_HelpppAlmostdone.xpr/Lab4/Lab4.runs/synth_1/runme.log
[Thu Feb 15 16:39:03 2024] Launched impl_1...
Run output will be captured here: C:/Users/lorti/Desktop/CSE100/Lab5_HelpppAlmostdone.xpr/Lab4/Lab4.runs/impl_1/runme.log
update_compile_order -fileset sources_1
reset_run synth_1
launch_runs impl_1 -to_step write_bitstream
[Thu Feb 15 16:39:39 2024] Launched synth_1...
Run output will be captured here: C:/Users/lorti/Desktop/CSE100/Lab5_HelpppAlmostdone.xpr/Lab4/Lab4.runs/synth_1/runme.log
[Thu Feb 15 16:39:39 2024] Launched impl_1...
Run output will be captured here: C:/Users/lorti/Desktop/CSE100/Lab5_HelpppAlmostdone.xpr/Lab4/Lab4.runs/impl_1/runme.log
set_property PROBES.FILE {} [get_hw_devices xc7a35t_0]
set_property FULL_PROBES.FILE {} [get_hw_devices xc7a35t_0]
set_property PROGRAM.FILE {C:/Users/lorti/Desktop/CSE100/Lab5_HelpppAlmostdone.xpr/Lab4/Lab4.runs/impl_1/TopMod.bit} [get_hw_devices xc7a35t_0]
program_hw_devices [get_hw_devices xc7a35t_0]
INFO: [Labtools 27-3164] End of startup status: HIGH
refresh_hw_device [lindex [get_hw_devices xc7a35t_0] 0]
INFO: [Labtools 27-1434] Device xc7a35t (JTAG device index = 0) is programmed with a design that has no supported debug core(s) in it.
reset_run impl_1 -prev_step 
launch_runs impl_1 -to_step write_bitstream
[Thu Feb 15 16:43:03 2024] Launched impl_1...
Run output will be captured here: C:/Users/lorti/Desktop/CSE100/Lab5_HelpppAlmostdone.xpr/Lab4/Lab4.runs/impl_1/runme.log
reset_run synth_1
launch_runs impl_1 -to_step write_bitstream
[Thu Feb 15 16:43:55 2024] Launched synth_1...
Run output will be captured here: C:/Users/lorti/Desktop/CSE100/Lab5_HelpppAlmostdone.xpr/Lab4/Lab4.runs/synth_1/runme.log
[Thu Feb 15 16:43:55 2024] Launched impl_1...
Run output will be captured here: C:/Users/lorti/Desktop/CSE100/Lab5_HelpppAlmostdone.xpr/Lab4/Lab4.runs/impl_1/runme.log
set_property PROBES.FILE {} [get_hw_devices xc7a35t_0]
set_property FULL_PROBES.FILE {} [get_hw_devices xc7a35t_0]
set_property PROGRAM.FILE {C:/Users/lorti/Desktop/CSE100/Lab5_HelpppAlmostdone.xpr/Lab4/Lab4.runs/impl_1/TopMod.bit} [get_hw_devices xc7a35t_0]
program_hw_devices [get_hw_devices xc7a35t_0]
INFO: [Labtools 27-3164] End of startup status: HIGH
refresh_hw_device [lindex [get_hw_devices xc7a35t_0] 0]
INFO: [Labtools 27-1434] Device xc7a35t (JTAG device index = 0) is programmed with a design that has no supported debug core(s) in it.
archive_project C:/Users/lorti/Desktop/CSE100/Lab5_WDONEWW.xpr.zip -temp_dir C:/Users/lorti/Desktop/CSE100/Lab5_HelpppAlmostdone.xpr/Lab4/.Xil/Vivado-25824-LauraPC -force -include_local_ip_cache
INFO: [Coretcl 2-137] starting archive...
INFO: [Coretcl 2-1499] Saving project copy to temporary location 'C:/Users/lorti/Desktop/CSE100/Lab5_HelpppAlmostdone.xpr/Lab4/.Xil/Vivado-25824-LauraPC' for archiving project
Scanning sources...
Finished scanning sources
INFO: [Coretcl 2-1211] Creating project copy for archival...
INFO: [ProjectBase 1-495] The host OS only allows 260 characters in a normal path. The project is stored in a path with more than 80 characters. If you experience any problem with archiving the project, please consider setting environment variable $TEMP to a shorter path.
Current project path is 'C:/Users/lorti/Desktop/CSE100/Lab5_HelpppAlmostdone.xpr/Lab4/.Xil/Vivado-25824-LauraPC/PrjAr/_X_'.
INFO: [Coretcl 2-1213] Including run results for 'synth_1'
INFO: [Coretcl 2-1213] Including run results for 'impl_1'
INFO: [Coretcl 2-1212] Importing remotely added design sources and verilog include files (if any)...
INFO: [filemgmt 20-334] All file(s) are already imported in fileset: 'constrs_1'
INFO: [filemgmt 20-348] Importing the appropriate files for fileset: 'constrs_1'
INFO: [filemgmt 20-334] All file(s) are already imported in fileset: 'sim_1'
INFO: [filemgmt 20-348] Importing the appropriate files for fileset: 'sim_1'
INFO: [filemgmt 20-348] Importing the appropriate files for fileset: 'sources_1'
INFO: [Coretcl 2-1209] Adding archive summary file to the project...
ERROR: [Labtoolstcl 44-513] HW Target shutdown. Closing target: localhost:3121/xilinx_tcf/Digilent/210183AB4877A
INFO: [Coretcl 2-1214] Preparing project files for archive...
INFO: [Coretcl 2-1210] Compressing project files and data...
INFO: [Coretcl 2-1215] Project archived (C:/Users/lorti/Desktop/CSE100/Lab5_WDONEWW.xpr.zip)
INFO: [Coretcl 2-1216] To view the archive summary log in GUI, double click on 'Design Sources->Text->archive_project_summary.txt', or open this file from the archived project directory.
archive_project: Time (s): cpu = 00:00:01 ; elapsed = 00:00:05 . Memory (MB): peak = 2233.387 ; gain = 0.000
archive_project C:/Users/lorti/Desktop/CSE100/Lab5_WDONEWWW.xpr.zip -temp_dir C:/Users/lorti/Desktop/CSE100/Lab5_HelpppAlmostdone.xpr/Lab4/.Xil/Vivado-25824-LauraPC -force -include_local_ip_cache
INFO: [Coretcl 2-137] starting archive...
INFO: [Coretcl 2-1499] Saving project copy to temporary location 'C:/Users/lorti/Desktop/CSE100/Lab5_HelpppAlmostdone.xpr/Lab4/.Xil/Vivado-25824-LauraPC' for archiving project
Scanning sources...
Finished scanning sources
INFO: [Coretcl 2-1211] Creating project copy for archival...
INFO: [ProjectBase 1-495] The host OS only allows 260 characters in a normal path. The project is stored in a path with more than 80 characters. If you experience any problem with archiving the project, please consider setting environment variable $TEMP to a shorter path.
Current project path is 'C:/Users/lorti/Desktop/CSE100/Lab5_HelpppAlmostdone.xpr/Lab4/.Xil/Vivado-25824-LauraPC/PrjAr/_X_'.
INFO: [Coretcl 2-1213] Including run results for 'synth_1'
INFO: [Coretcl 2-1213] Including run results for 'impl_1'
INFO: [Coretcl 2-1212] Importing remotely added design sources and verilog include files (if any)...
INFO: [filemgmt 20-334] All file(s) are already imported in fileset: 'constrs_1'
INFO: [filemgmt 20-348] Importing the appropriate files for fileset: 'constrs_1'
INFO: [filemgmt 20-334] All file(s) are already imported in fileset: 'sim_1'
INFO: [filemgmt 20-348] Importing the appropriate files for fileset: 'sim_1'
INFO: [filemgmt 20-348] Importing the appropriate files for fileset: 'sources_1'
