#-----------------------------------------------------------
# Vivado v2019.1 (64-bit)
# SW Build 2552052 on Fri May 24 14:49:42 MDT 2019
# IP Build 2548770 on Fri May 24 18:01:18 MDT 2019
# Start of session at: Mon Feb 19 23:44:48 2024
# Process ID: 29292
# Current directory: C:/Users/qinyu/Downloads/Lab5_WDONEWWW.xpr/Lab4
# Command line: vivado.exe -gui_launcher_event rodinguilauncherevent32308 C:\Users\qinyu\Downloads\Lab5_WDONEWWW.xpr\Lab4\Lab4.xpr
# Log file: C:/Users/qinyu/Downloads/Lab5_WDONEWWW.xpr/Lab4/vivado.log
# Journal file: C:/Users/qinyu/Downloads/Lab5_WDONEWWW.xpr/Lab4\vivado.jou
#-----------------------------------------------------------
start_gui
open_project C:/Users/qinyu/Downloads/Lab5_WDONEWWW.xpr/Lab4/Lab4.xpr
INFO: [Project 1-313] Project file moved from 'C:/Users/lorti/Desktop/CSE100/Lab5_HelpppAlmostdone.xpr/Lab4/.Xil/Vivado-25824-LauraPC/PrjAr/_X_' since last save.
Scanning sources...
Finished scanning sources
INFO: [IP_Flow 19-234] Refreshing IP repositories
INFO: [IP_Flow 19-1704] No user IP repositories specified
INFO: [IP_Flow 19-2313] Loaded Vivado IP repository 'C:/Xilinx/Vivado/2019.1/data/ip'.
update_compile_order -fileset sources_1
open_hw
reset_run synth_1
launch_runs impl_1 -to_step write_bitstream -jobs 12
[Mon Feb 19 23:47:22 2024] Launched synth_1...
Run output will be captured here: C:/Users/qinyu/Downloads/Lab5_WDONEWWW.xpr/Lab4/Lab4.runs/synth_1/runme.log
[Mon Feb 19 23:47:22 2024] Launched impl_1...
Run output will be captured here: C:/Users/qinyu/Downloads/Lab5_WDONEWWW.xpr/Lab4/Lab4.runs/impl_1/runme.log
connect_hw_server
INFO: [Labtools 27-2285] Connecting to hw_server url TCP:localhost:3121
open_hw_target
INFO: [Labtoolstcl 44-466] Opening hw_target localhost:3121/xilinx_tcf/Digilent/210183B312D5A
set_property PROGRAM.FILE {C:/Users/qinyu/Downloads/Lab5_WDONEWWW.xpr/Lab4/Lab4.runs/impl_1/TopMod.bit} [get_hw_devices xc7a35t_0]
current_hw_device [get_hw_devices xc7a35t_0]
refresh_hw_device -update_hw_probes false [lindex [get_hw_devices xc7a35t_0] 0]
INFO: [Labtools 27-1434] Device xc7a35t (JTAG device index = 0) is programmed with a design that has no supported debug core(s) in it.
set_property PROBES.FILE {} [get_hw_devices xc7a35t_0]
set_property FULL_PROBES.FILE {} [get_hw_devices xc7a35t_0]
set_property PROGRAM.FILE {C:/Users/qinyu/Downloads/Lab5_WDONEWWW.xpr/Lab4/Lab4.runs/impl_1/TopMod.bit} [get_hw_devices xc7a35t_0]
program_hw_devices [get_hw_devices xc7a35t_0]
INFO: [Labtools 27-3164] End of startup status: HIGH
refresh_hw_device [lindex [get_hw_devices xc7a35t_0] 0]
INFO: [Labtools 27-1434] Device xc7a35t (JTAG device index = 0) is programmed with a design that has no supported debug core(s) in it.
ERROR: [Labtoolstcl 44-513] HW Target shutdown. Closing target: localhost:3121/xilinx_tcf/Digilent/210183B312D5A
close_hw
exit
