#-----------------------------------------------------------
# Vivado v2019.1 (64-bit)
# SW Build 2552052 on Fri May 24 14:49:42 MDT 2019
# IP Build 2548770 on Fri May 24 18:01:18 MDT 2019
# Start of session at: Wed Mar  6 21:59:29 2024
# Process ID: 14480
# Current directory: C:/Users/qinyu/Desktop/CSE 100/CSE-100/Lab 6/Lab6
# Command line: vivado.exe -gui_launcher_event rodinguilauncherevent1700 C:\Users\qinyu\Desktop\CSE 100\CSE-100\Lab 6\Lab6\Lab6.xpr
# Log file: C:/Users/qinyu/Desktop/CSE 100/CSE-100/Lab 6/Lab6/vivado.log
# Journal file: C:/Users/qinyu/Desktop/CSE 100/CSE-100/Lab 6/Lab6\vivado.jou
#-----------------------------------------------------------
start_gui
open_project {C:/Users/qinyu/Desktop/CSE 100/CSE-100/Lab 6/Lab6/Lab6.xpr}
INFO: [Project 1-313] Project file moved from 'C:/Users/qinyu/OneDrive/Desktop/CSE100/CSE-100/Lab 6/Lab6' since last save.
Scanning sources...
Finished scanning sources
INFO: [IP_Flow 19-234] Refreshing IP repositories
INFO: [IP_Flow 19-1704] No user IP repositories specified
INFO: [IP_Flow 19-2313] Loaded Vivado IP repository 'C:/Xilinx/Vivado/2019.1/data/ip'.
update_compile_order -fileset sources_1
reset_run synth_1
launch_runs impl_1 -to_step write_bitstream -jobs 12
[Wed Mar  6 22:01:33 2024] Launched synth_1...
Run output will be captured here: C:/Users/qinyu/Desktop/CSE 100/CSE-100/Lab 6/Lab6/Lab6.runs/synth_1/runme.log
[Wed Mar  6 22:01:33 2024] Launched impl_1...
Run output will be captured here: C:/Users/qinyu/Desktop/CSE 100/CSE-100/Lab 6/Lab6/Lab6.runs/impl_1/runme.log
open_hw
connect_hw_server
INFO: [Labtools 27-2285] Connecting to hw_server url TCP:localhost:3121
INFO: [Labtools 27-2222] Launching hw_server...
INFO: [Labtools 27-2221] Launch Output:

****** Xilinx hw_server v2019.1
  **** Build date : May 24 2019 at 15:13:31
    ** Copyright 1986-2019 Xilinx, Inc. All Rights Reserved.


open_hw_target
INFO: [Labtoolstcl 44-466] Opening hw_target localhost:3121/xilinx_tcf/Digilent/210183B312D5A
set_property PROGRAM.FILE {C:/Users/qinyu/Desktop/CSE 100/CSE-100/Lab 6/Lab6/Lab6.runs/impl_1/Top_Module.bit} [get_hw_devices xc7a35t_0]
current_hw_device [get_hw_devices xc7a35t_0]
refresh_hw_device -update_hw_probes false [lindex [get_hw_devices xc7a35t_0] 0]
INFO: [Labtools 27-1435] Device xc7a35t (JTAG device index = 0) is not programmed (DONE status = 0).
set_property PROBES.FILE {} [get_hw_devices xc7a35t_0]
set_property FULL_PROBES.FILE {} [get_hw_devices xc7a35t_0]
set_property PROGRAM.FILE {C:/Users/qinyu/Desktop/CSE 100/CSE-100/Lab 6/Lab6/Lab6.runs/impl_1/Top_Module.bit} [get_hw_devices xc7a35t_0]
program_hw_devices [get_hw_devices xc7a35t_0]
INFO: [Labtools 27-3164] End of startup status: HIGH
refresh_hw_device [lindex [get_hw_devices xc7a35t_0] 0]
INFO: [Labtools 27-1434] Device xc7a35t (JTAG device index = 0) is programmed with a design that has no supported debug core(s) in it.
reset_run synth_1
launch_runs impl_1 -to_step write_bitstream -jobs 12
[Wed Mar  6 22:09:42 2024] Launched synth_1...
Run output will be captured here: C:/Users/qinyu/Desktop/CSE 100/CSE-100/Lab 6/Lab6/Lab6.runs/synth_1/runme.log
[Wed Mar  6 22:09:42 2024] Launched impl_1...
Run output will be captured here: C:/Users/qinyu/Desktop/CSE 100/CSE-100/Lab 6/Lab6/Lab6.runs/impl_1/runme.log
reset_run synth_1
WARNING: [Vivado 12-1017] Problems encountered:
1. PID not specified

launch_runs impl_1 -to_step write_bitstream -jobs 12
[Wed Mar  6 22:09:45 2024] Launched synth_1...
Run output will be captured here: C:/Users/qinyu/Desktop/CSE 100/CSE-100/Lab 6/Lab6/Lab6.runs/synth_1/runme.log
[Wed Mar  6 22:09:45 2024] Launched impl_1...
Run output will be captured here: C:/Users/qinyu/Desktop/CSE 100/CSE-100/Lab 6/Lab6/Lab6.runs/impl_1/runme.log
set_property PROBES.FILE {} [get_hw_devices xc7a35t_0]
set_property FULL_PROBES.FILE {} [get_hw_devices xc7a35t_0]
set_property PROGRAM.FILE {C:/Users/qinyu/Desktop/CSE 100/CSE-100/Lab 6/Lab6/Lab6.runs/impl_1/Top_Module.bit} [get_hw_devices xc7a35t_0]
program_hw_devices [get_hw_devices xc7a35t_0]
INFO: [Labtools 27-3164] End of startup status: HIGH
refresh_hw_device [lindex [get_hw_devices xc7a35t_0] 0]
INFO: [Labtools 27-1434] Device xc7a35t (JTAG device index = 0) is programmed with a design that has no supported debug core(s) in it.
reset_run synth_1
launch_runs impl_1 -to_step write_bitstream -jobs 12
[Wed Mar  6 22:14:28 2024] Launched synth_1...
Run output will be captured here: C:/Users/qinyu/Desktop/CSE 100/CSE-100/Lab 6/Lab6/Lab6.runs/synth_1/runme.log
[Wed Mar  6 22:14:28 2024] Launched impl_1...
Run output will be captured here: C:/Users/qinyu/Desktop/CSE 100/CSE-100/Lab 6/Lab6/Lab6.runs/impl_1/runme.log
set_property PROBES.FILE {} [get_hw_devices xc7a35t_0]
set_property FULL_PROBES.FILE {} [get_hw_devices xc7a35t_0]
set_property PROGRAM.FILE {C:/Users/qinyu/Desktop/CSE 100/CSE-100/Lab 6/Lab6/Lab6.runs/impl_1/Top_Module.bit} [get_hw_devices xc7a35t_0]
program_hw_devices [get_hw_devices xc7a35t_0]
INFO: [Labtools 27-3164] End of startup status: HIGH
refresh_hw_device [lindex [get_hw_devices xc7a35t_0] 0]
INFO: [Labtools 27-1434] Device xc7a35t (JTAG device index = 0) is programmed with a design that has no supported debug core(s) in it.
reset_run synth_1
launch_runs impl_1 -to_step write_bitstream -jobs 12
[Wed Mar  6 22:19:37 2024] Launched synth_1...
Run output will be captured here: C:/Users/qinyu/Desktop/CSE 100/CSE-100/Lab 6/Lab6/Lab6.runs/synth_1/runme.log
[Wed Mar  6 22:19:37 2024] Launched impl_1...
Run output will be captured here: C:/Users/qinyu/Desktop/CSE 100/CSE-100/Lab 6/Lab6/Lab6.runs/impl_1/runme.log
set_property PROBES.FILE {} [get_hw_devices xc7a35t_0]
set_property FULL_PROBES.FILE {} [get_hw_devices xc7a35t_0]
set_property PROGRAM.FILE {C:/Users/qinyu/Desktop/CSE 100/CSE-100/Lab 6/Lab6/Lab6.runs/impl_1/Top_Module.bit} [get_hw_devices xc7a35t_0]
program_hw_devices [get_hw_devices xc7a35t_0]
INFO: [Labtools 27-3164] End of startup status: HIGH
refresh_hw_device [lindex [get_hw_devices xc7a35t_0] 0]
INFO: [Labtools 27-1434] Device xc7a35t (JTAG device index = 0) is programmed with a design that has no supported debug core(s) in it.
reset_run synth_1
launch_runs impl_1 -to_step write_bitstream -jobs 12
[Wed Mar  6 22:23:43 2024] Launched synth_1...
Run output will be captured here: C:/Users/qinyu/Desktop/CSE 100/CSE-100/Lab 6/Lab6/Lab6.runs/synth_1/runme.log
[Wed Mar  6 22:23:43 2024] Launched impl_1...
Run output will be captured here: C:/Users/qinyu/Desktop/CSE 100/CSE-100/Lab 6/Lab6/Lab6.runs/impl_1/runme.log
set_property PROBES.FILE {} [get_hw_devices xc7a35t_0]
set_property FULL_PROBES.FILE {} [get_hw_devices xc7a35t_0]
set_property PROGRAM.FILE {C:/Users/qinyu/Desktop/CSE 100/CSE-100/Lab 6/Lab6/Lab6.runs/impl_1/Top_Module.bit} [get_hw_devices xc7a35t_0]
program_hw_devices [get_hw_devices xc7a35t_0]
INFO: [Labtools 27-3164] End of startup status: HIGH
refresh_hw_device [lindex [get_hw_devices xc7a35t_0] 0]
INFO: [Labtools 27-1434] Device xc7a35t (JTAG device index = 0) is programmed with a design that has no supported debug core(s) in it.
reset_run synth_1
launch_runs impl_1 -to_step write_bitstream -jobs 12
[Wed Mar  6 23:03:43 2024] Launched synth_1...
Run output will be captured here: C:/Users/qinyu/Desktop/CSE 100/CSE-100/Lab 6/Lab6/Lab6.runs/synth_1/runme.log
[Wed Mar  6 23:03:43 2024] Launched impl_1...
Run output will be captured here: C:/Users/qinyu/Desktop/CSE 100/CSE-100/Lab 6/Lab6/Lab6.runs/impl_1/runme.log
ERROR: [Labtoolstcl 44-513] HW Target shutdown. Closing target: localhost:3121/xilinx_tcf/Digilent/210183B312D5A
INFO: [Labtoolstcl 44-466] Opening hw_target localhost:3121/xilinx_tcf/Digilent/210183B312D5A
INFO: [Labtools 27-1434] Device xc7a35t (JTAG device index = 0) is programmed with a design that has no supported debug core(s) in it.
WARNING: [Labtoolstcl 44-129] No matching hw_ila_data was found.
ERROR: [Labtoolstcl 44-513] HW Target shutdown. Closing target: localhost:3121/xilinx_tcf/Digilent/210183B312D5A
INFO: [Labtoolstcl 44-466] Opening hw_target localhost:3121/xilinx_tcf/Digilent/210183B312D5A
INFO: [Labtools 27-1434] Device xc7a35t (JTAG device index = 0) is programmed with a design that has no supported debug core(s) in it.
WARNING: [Labtoolstcl 44-129] No matching hw_ila_data was found.
ERROR: [Labtoolstcl 44-513] HW Target shutdown. Closing target: localhost:3121/xilinx_tcf/Digilent/210183B312D5A
INFO: [Labtoolstcl 44-466] Opening hw_target localhost:3121/xilinx_tcf/Digilent/210183B312D5A
INFO: [Labtools 27-1434] Device xc7a35t (JTAG device index = 0) is programmed with a design that has no supported debug core(s) in it.
WARNING: [Labtoolstcl 44-129] No matching hw_ila_data was found.
ERROR: [Labtoolstcl 44-513] HW Target shutdown. Closing target: localhost:3121/xilinx_tcf/Digilent/210183B312D5A
INFO: [Labtoolstcl 44-466] Opening hw_target localhost:3121/xilinx_tcf/Digilent/210183B312D5A
INFO: [Labtools 27-1434] Device xc7a35t (JTAG device index = 0) is programmed with a design that has no supported debug core(s) in it.
WARNING: [Labtoolstcl 44-129] No matching hw_ila_data was found.
set_property PROBES.FILE {} [get_hw_devices xc7a35t_0]
set_property FULL_PROBES.FILE {} [get_hw_devices xc7a35t_0]
set_property PROGRAM.FILE {C:/Users/qinyu/Desktop/CSE 100/CSE-100/Lab 6/Lab6/Lab6.runs/impl_1/Top_Module.bit} [get_hw_devices xc7a35t_0]
program_hw_devices [get_hw_devices xc7a35t_0]
INFO: [Labtools 27-3164] End of startup status: HIGH
refresh_hw_device [lindex [get_hw_devices xc7a35t_0] 0]
INFO: [Labtools 27-1434] Device xc7a35t (JTAG device index = 0) is programmed with a design that has no supported debug core(s) in it.
reset_run synth_1
launch_runs impl_1 -to_step write_bitstream -jobs 12
[Wed Mar  6 23:07:48 2024] Launched synth_1...
Run output will be captured here: C:/Users/qinyu/Desktop/CSE 100/CSE-100/Lab 6/Lab6/Lab6.runs/synth_1/runme.log
[Wed Mar  6 23:07:48 2024] Launched impl_1...
Run output will be captured here: C:/Users/qinyu/Desktop/CSE 100/CSE-100/Lab 6/Lab6/Lab6.runs/impl_1/runme.log
ERROR: [Labtoolstcl 44-513] HW Target shutdown. Closing target: localhost:3121/xilinx_tcf/Digilent/210183B312D5A
INFO: [Labtoolstcl 44-466] Opening hw_target localhost:3121/xilinx_tcf/Digilent/210183B312D5A
INFO: [Labtools 27-1434] Device xc7a35t (JTAG device index = 0) is programmed with a design that has no supported debug core(s) in it.
WARNING: [Labtoolstcl 44-129] No matching hw_ila_data was found.
ERROR: [Labtoolstcl 44-513] HW Target shutdown. Closing target: localhost:3121/xilinx_tcf/Digilent/210183B312D5A
INFO: [Labtoolstcl 44-466] Opening hw_target localhost:3121/xilinx_tcf/Digilent/210183B312D5A
INFO: [Labtools 27-1434] Device xc7a35t (JTAG device index = 0) is programmed with a design that has no supported debug core(s) in it.
WARNING: [Labtoolstcl 44-129] No matching hw_ila_data was found.
ERROR: [Labtoolstcl 44-513] HW Target shutdown. Closing target: localhost:3121/xilinx_tcf/Digilent/210183B312D5A
INFO: [Labtoolstcl 44-466] Opening hw_target localhost:3121/xilinx_tcf/Digilent/210183B312D5A
INFO: [Labtools 27-1434] Device xc7a35t (JTAG device index = 0) is programmed with a design that has no supported debug core(s) in it.
WARNING: [Labtoolstcl 44-129] No matching hw_ila_data was found.
ERROR: [Labtoolstcl 44-513] HW Target shutdown. Closing target: localhost:3121/xilinx_tcf/Digilent/210183B312D5A
INFO: [Labtoolstcl 44-466] Opening hw_target localhost:3121/xilinx_tcf/Digilent/210183B312D5A
INFO: [Labtools 27-1434] Device xc7a35t (JTAG device index = 0) is programmed with a design that has no supported debug core(s) in it.
WARNING: [Labtoolstcl 44-129] No matching hw_ila_data was found.
set_property PROBES.FILE {} [get_hw_devices xc7a35t_0]
set_property FULL_PROBES.FILE {} [get_hw_devices xc7a35t_0]
set_property PROGRAM.FILE {C:/Users/qinyu/Desktop/CSE 100/CSE-100/Lab 6/Lab6/Lab6.runs/impl_1/Top_Module.bit} [get_hw_devices xc7a35t_0]
program_hw_devices [get_hw_devices xc7a35t_0]
ERROR: [Labtools 27-3165] End of startup status: LOW
ERROR: [Common 17-39] 'program_hw_devices' failed due to earlier errors.
ERROR: [Labtoolstcl 44-513] HW Target shutdown. Closing target: localhost:3121/xilinx_tcf/Digilent/210183B312D5A
INFO: [Labtoolstcl 44-466] Opening hw_target localhost:3121/xilinx_tcf/Digilent/210183B312D5A
INFO: [Labtools 27-1434] Device xc7a35t (JTAG device index = 0) is programmed with a design that has no supported debug core(s) in it.
WARNING: [Labtoolstcl 44-129] No matching hw_ila_data was found.
set_property PROBES.FILE {} [get_hw_devices xc7a35t_0]
set_property FULL_PROBES.FILE {} [get_hw_devices xc7a35t_0]
set_property PROGRAM.FILE {C:/Users/qinyu/Desktop/CSE 100/CSE-100/Lab 6/Lab6/Lab6.runs/impl_1/Top_Module.bit} [get_hw_devices xc7a35t_0]
program_hw_devices [get_hw_devices xc7a35t_0]
INFO: [Labtools 27-3164] End of startup status: HIGH
refresh_hw_device [lindex [get_hw_devices xc7a35t_0] 0]
INFO: [Labtools 27-1434] Device xc7a35t (JTAG device index = 0) is programmed with a design that has no supported debug core(s) in it.
ERROR: [Labtoolstcl 44-513] HW Target shutdown. Closing target: localhost:3121/xilinx_tcf/Digilent/210183B312D5A
INFO: [Labtoolstcl 44-466] Opening hw_target localhost:3121/xilinx_tcf/Digilent/210183B312D5A
INFO: [Labtools 27-1434] Device xc7a35t (JTAG device index = 0) is programmed with a design that has no supported debug core(s) in it.
WARNING: [Labtoolstcl 44-129] No matching hw_ila_data was found.
ERROR: [Labtoolstcl 44-513] HW Target shutdown. Closing target: localhost:3121/xilinx_tcf/Digilent/210183B312D5A
INFO: [Labtoolstcl 44-466] Opening hw_target localhost:3121/xilinx_tcf/Digilent/210183B312D5A
INFO: [Labtools 27-1434] Device xc7a35t (JTAG device index = 0) is programmed with a design that has no supported debug core(s) in it.
WARNING: [Labtoolstcl 44-129] No matching hw_ila_data was found.
ERROR: [Labtoolstcl 44-513] HW Target shutdown. Closing target: localhost:3121/xilinx_tcf/Digilent/210183B312D5A
INFO: [Labtoolstcl 44-466] Opening hw_target localhost:3121/xilinx_tcf/Digilent/210183B312D5A
INFO: [Labtools 27-1434] Device xc7a35t (JTAG device index = 0) is programmed with a design that has no supported debug core(s) in it.
WARNING: [Labtoolstcl 44-129] No matching hw_ila_data was found.
ERROR: [Labtoolstcl 44-513] HW Target shutdown. Closing target: localhost:3121/xilinx_tcf/Digilent/210183B312D5A
INFO: [Labtoolstcl 44-466] Opening hw_target localhost:3121/xilinx_tcf/Digilent/210183B312D5A
INFO: [Labtools 27-1434] Device xc7a35t (JTAG device index = 0) is programmed with a design that has no supported debug core(s) in it.
WARNING: [Labtoolstcl 44-129] No matching hw_ila_data was found.
reset_run synth_1
launch_runs impl_1 -to_step write_bitstream -jobs 12
[Wed Mar  6 23:27:01 2024] Launched synth_1...
Run output will be captured here: C:/Users/qinyu/Desktop/CSE 100/CSE-100/Lab 6/Lab6/Lab6.runs/synth_1/runme.log
[Wed Mar  6 23:27:01 2024] Launched impl_1...
Run output will be captured here: C:/Users/qinyu/Desktop/CSE 100/CSE-100/Lab 6/Lab6/Lab6.runs/impl_1/runme.log
set_property PROBES.FILE {} [get_hw_devices xc7a35t_0]
set_property FULL_PROBES.FILE {} [get_hw_devices xc7a35t_0]
set_property PROGRAM.FILE {C:/Users/qinyu/Desktop/CSE 100/CSE-100/Lab 6/Lab6/Lab6.runs/impl_1/Top_Module.bit} [get_hw_devices xc7a35t_0]
program_hw_devices [get_hw_devices xc7a35t_0]
INFO: [Labtools 27-3164] End of startup status: HIGH
refresh_hw_device [lindex [get_hw_devices xc7a35t_0] 0]
INFO: [Labtools 27-1434] Device xc7a35t (JTAG device index = 0) is programmed with a design that has no supported debug core(s) in it.
ERROR: [Labtoolstcl 44-513] HW Target shutdown. Closing target: localhost:3121/xilinx_tcf/Digilent/210183B312D5A
INFO: [Labtoolstcl 44-466] Opening hw_target localhost:3121/xilinx_tcf/Digilent/210183B312D5A
INFO: [Labtools 27-1434] Device xc7a35t (JTAG device index = 0) is programmed with a design that has no supported debug core(s) in it.
WARNING: [Labtoolstcl 44-129] No matching hw_ila_data was found.
ERROR: [Labtoolstcl 44-513] HW Target shutdown. Closing target: localhost:3121/xilinx_tcf/Digilent/210183B312D5A
INFO: [Labtoolstcl 44-466] Opening hw_target localhost:3121/xilinx_tcf/Digilent/210183B312D5A
INFO: [Labtools 27-1434] Device xc7a35t (JTAG device index = 0) is programmed with a design that has no supported debug core(s) in it.
WARNING: [Labtoolstcl 44-129] No matching hw_ila_data was found.
reset_run synth_1
launch_runs impl_1 -to_step write_bitstream -jobs 12
[Wed Mar  6 23:41:16 2024] Launched synth_1...
Run output will be captured here: C:/Users/qinyu/Desktop/CSE 100/CSE-100/Lab 6/Lab6/Lab6.runs/synth_1/runme.log
[Wed Mar  6 23:41:16 2024] Launched impl_1...
Run output will be captured here: C:/Users/qinyu/Desktop/CSE 100/CSE-100/Lab 6/Lab6/Lab6.runs/impl_1/runme.log
ERROR: [Labtoolstcl 44-513] HW Target shutdown. Closing target: localhost:3121/xilinx_tcf/Digilent/210183B312D5A
INFO: [Labtoolstcl 44-466] Opening hw_target localhost:3121/xilinx_tcf/Digilent/210183B312D5A
INFO: [Labtools 27-1434] Device xc7a35t (JTAG device index = 0) is programmed with a design that has no supported debug core(s) in it.
WARNING: [Labtoolstcl 44-129] No matching hw_ila_data was found.
ERROR: [Labtoolstcl 44-513] HW Target shutdown. Closing target: localhost:3121/xilinx_tcf/Digilent/210183B312D5A
INFO: [Labtoolstcl 44-466] Opening hw_target localhost:3121/xilinx_tcf/Digilent/210183B312D5A
INFO: [Labtools 27-1434] Device xc7a35t (JTAG device index = 0) is programmed with a design that has no supported debug core(s) in it.
WARNING: [Labtoolstcl 44-129] No matching hw_ila_data was found.
reset_run synth_1
launch_runs impl_1 -to_step write_bitstream -jobs 12
[Wed Mar  6 23:43:29 2024] Launched synth_1...
Run output will be captured here: C:/Users/qinyu/Desktop/CSE 100/CSE-100/Lab 6/Lab6/Lab6.runs/synth_1/runme.log
[Wed Mar  6 23:43:29 2024] Launched impl_1...
Run output will be captured here: C:/Users/qinyu/Desktop/CSE 100/CSE-100/Lab 6/Lab6/Lab6.runs/impl_1/runme.log
set_property PROBES.FILE {} [get_hw_devices xc7a35t_0]
set_property FULL_PROBES.FILE {} [get_hw_devices xc7a35t_0]
set_property PROGRAM.FILE {C:/Users/qinyu/Desktop/CSE 100/CSE-100/Lab 6/Lab6/Lab6.runs/impl_1/Top_Module.bit} [get_hw_devices xc7a35t_0]
program_hw_devices [get_hw_devices xc7a35t_0]
INFO: [Labtools 27-3164] End of startup status: HIGH
refresh_hw_device [lindex [get_hw_devices xc7a35t_0] 0]
INFO: [Labtools 27-1434] Device xc7a35t (JTAG device index = 0) is programmed with a design that has no supported debug core(s) in it.
ERROR: [Labtoolstcl 44-513] HW Target shutdown. Closing target: localhost:3121/xilinx_tcf/Digilent/210183B312D5A
INFO: [Labtoolstcl 44-466] Opening hw_target localhost:3121/xilinx_tcf/Digilent/210183B312D5A
INFO: [Labtools 27-1434] Device xc7a35t (JTAG device index = 0) is programmed with a design that has no supported debug core(s) in it.
WARNING: [Labtoolstcl 44-129] No matching hw_ila_data was found.
ERROR: [Labtoolstcl 44-513] HW Target shutdown. Closing target: localhost:3121/xilinx_tcf/Digilent/210183B312D5A
INFO: [Labtoolstcl 44-466] Opening hw_target localhost:3121/xilinx_tcf/Digilent/210183B312D5A
INFO: [Labtools 27-1434] Device xc7a35t (JTAG device index = 0) is programmed with a design that has no supported debug core(s) in it.
WARNING: [Labtoolstcl 44-129] No matching hw_ila_data was found.
reset_run synth_1
launch_runs impl_1 -to_step write_bitstream -jobs 12
[Wed Mar  6 23:47:11 2024] Launched synth_1...
Run output will be captured here: C:/Users/qinyu/Desktop/CSE 100/CSE-100/Lab 6/Lab6/Lab6.runs/synth_1/runme.log
[Wed Mar  6 23:47:11 2024] Launched impl_1...
Run output will be captured here: C:/Users/qinyu/Desktop/CSE 100/CSE-100/Lab 6/Lab6/Lab6.runs/impl_1/runme.log
ERROR: [Labtoolstcl 44-513] HW Target shutdown. Closing target: localhost:3121/xilinx_tcf/Digilent/210183B312D5A
INFO: [Labtoolstcl 44-466] Opening hw_target localhost:3121/xilinx_tcf/Digilent/210183B312D5A
INFO: [Labtools 27-1434] Device xc7a35t (JTAG device index = 0) is programmed with a design that has no supported debug core(s) in it.
WARNING: [Labtoolstcl 44-129] No matching hw_ila_data was found.
ERROR: [Labtoolstcl 44-513] HW Target shutdown. Closing target: localhost:3121/xilinx_tcf/Digilent/210183B312D5A
INFO: [Labtoolstcl 44-466] Opening hw_target localhost:3121/xilinx_tcf/Digilent/210183B312D5A
INFO: [Labtools 27-1434] Device xc7a35t (JTAG device index = 0) is programmed with a design that has no supported debug core(s) in it.
WARNING: [Labtoolstcl 44-129] No matching hw_ila_data was found.
reset_run synth_1
launch_runs impl_1 -to_step write_bitstream -jobs 12
[Wed Mar  6 23:52:12 2024] Launched synth_1...
Run output will be captured here: C:/Users/qinyu/Desktop/CSE 100/CSE-100/Lab 6/Lab6/Lab6.runs/synth_1/runme.log
[Wed Mar  6 23:52:12 2024] Launched impl_1...
Run output will be captured here: C:/Users/qinyu/Desktop/CSE 100/CSE-100/Lab 6/Lab6/Lab6.runs/impl_1/runme.log
ERROR: [Labtoolstcl 44-513] HW Target shutdown. Closing target: localhost:3121/xilinx_tcf/Digilent/210183B312D5A
INFO: [Labtoolstcl 44-466] Opening hw_target localhost:3121/xilinx_tcf/Digilent/210183B312D5A
INFO: [Labtools 27-1434] Device xc7a35t (JTAG device index = 0) is programmed with a design that has no supported debug core(s) in it.
WARNING: [Labtoolstcl 44-129] No matching hw_ila_data was found.
reset_run synth_1
launch_runs impl_1 -to_step write_bitstream -jobs 12
[Wed Mar  6 23:52:49 2024] Launched synth_1...
Run output will be captured here: C:/Users/qinyu/Desktop/CSE 100/CSE-100/Lab 6/Lab6/Lab6.runs/synth_1/runme.log
[Wed Mar  6 23:52:49 2024] Launched impl_1...
Run output will be captured here: C:/Users/qinyu/Desktop/CSE 100/CSE-100/Lab 6/Lab6/Lab6.runs/impl_1/runme.log
reset_run synth_1
launch_runs impl_1 -to_step write_bitstream -jobs 12
[Wed Mar  6 23:53:31 2024] Launched synth_1...
Run output will be captured here: C:/Users/qinyu/Desktop/CSE 100/CSE-100/Lab 6/Lab6/Lab6.runs/synth_1/runme.log
[Wed Mar  6 23:53:31 2024] Launched impl_1...
Run output will be captured here: C:/Users/qinyu/Desktop/CSE 100/CSE-100/Lab 6/Lab6/Lab6.runs/impl_1/runme.log
reset_run synth_1
launch_runs impl_1 -to_step write_bitstream -jobs 12
[Wed Mar  6 23:54:40 2024] Launched synth_1...
Run output will be captured here: C:/Users/qinyu/Desktop/CSE 100/CSE-100/Lab 6/Lab6/Lab6.runs/synth_1/runme.log
[Wed Mar  6 23:54:40 2024] Launched impl_1...
Run output will be captured here: C:/Users/qinyu/Desktop/CSE 100/CSE-100/Lab 6/Lab6/Lab6.runs/impl_1/runme.log
ERROR: [Labtoolstcl 44-513] HW Target shutdown. Closing target: localhost:3121/xilinx_tcf/Digilent/210183B312D5A
INFO: [Labtoolstcl 44-466] Opening hw_target localhost:3121/xilinx_tcf/Digilent/210183B312D5A
INFO: [Labtools 27-1434] Device xc7a35t (JTAG device index = 0) is programmed with a design that has no supported debug core(s) in it.
WARNING: [Labtoolstcl 44-129] No matching hw_ila_data was found.
reset_run impl_1 -prev_step 
launch_runs impl_1 -to_step write_bitstream -jobs 12
WARNING: [Vivado 12-872] Run step 'Design Initialization' is out-of-date.
[Wed Mar  6 23:57:45 2024] Launched impl_1...
Run output will be captured here: C:/Users/qinyu/Desktop/CSE 100/CSE-100/Lab 6/Lab6/Lab6.runs/impl_1/runme.log
reset_run synth_1
launch_runs impl_1 -to_step write_bitstream -jobs 12
[Wed Mar  6 23:58:36 2024] Launched synth_1...
Run output will be captured here: C:/Users/qinyu/Desktop/CSE 100/CSE-100/Lab 6/Lab6/Lab6.runs/synth_1/runme.log
[Wed Mar  6 23:58:36 2024] Launched impl_1...
Run output will be captured here: C:/Users/qinyu/Desktop/CSE 100/CSE-100/Lab 6/Lab6/Lab6.runs/impl_1/runme.log
reset_run synth_1
launch_runs impl_1 -to_step write_bitstream -jobs 12
[Thu Mar  7 00:00:30 2024] Launched synth_1...
Run output will be captured here: C:/Users/qinyu/Desktop/CSE 100/CSE-100/Lab 6/Lab6/Lab6.runs/synth_1/runme.log
[Thu Mar  7 00:00:30 2024] Launched impl_1...
Run output will be captured here: C:/Users/qinyu/Desktop/CSE 100/CSE-100/Lab 6/Lab6/Lab6.runs/impl_1/runme.log
set_property PROBES.FILE {} [get_hw_devices xc7a35t_0]
set_property FULL_PROBES.FILE {} [get_hw_devices xc7a35t_0]
set_property PROGRAM.FILE {C:/Users/qinyu/Desktop/CSE 100/CSE-100/Lab 6/Lab6/Lab6.runs/impl_1/Top_Module.bit} [get_hw_devices xc7a35t_0]
program_hw_devices [get_hw_devices xc7a35t_0]
INFO: [Labtools 27-3164] End of startup status: HIGH
refresh_hw_device [lindex [get_hw_devices xc7a35t_0] 0]
INFO: [Labtools 27-1434] Device xc7a35t (JTAG device index = 0) is programmed with a design that has no supported debug core(s) in it.
reset_run synth_1
launch_runs impl_1 -to_step write_bitstream -jobs 12
[Thu Mar  7 00:05:29 2024] Launched synth_1...
Run output will be captured here: C:/Users/qinyu/Desktop/CSE 100/CSE-100/Lab 6/Lab6/Lab6.runs/synth_1/runme.log
[Thu Mar  7 00:05:29 2024] Launched impl_1...
Run output will be captured here: C:/Users/qinyu/Desktop/CSE 100/CSE-100/Lab 6/Lab6/Lab6.runs/impl_1/runme.log
set_property PROBES.FILE {} [get_hw_devices xc7a35t_0]
set_property FULL_PROBES.FILE {} [get_hw_devices xc7a35t_0]
set_property PROGRAM.FILE {C:/Users/qinyu/Desktop/CSE 100/CSE-100/Lab 6/Lab6/Lab6.runs/impl_1/Top_Module.bit} [get_hw_devices xc7a35t_0]
program_hw_devices [get_hw_devices xc7a35t_0]
INFO: [Labtools 27-3164] End of startup status: HIGH
refresh_hw_device [lindex [get_hw_devices xc7a35t_0] 0]
INFO: [Labtools 27-1434] Device xc7a35t (JTAG device index = 0) is programmed with a design that has no supported debug core(s) in it.
reset_run synth_1
launch_runs impl_1 -to_step write_bitstream -jobs 12
[Thu Mar  7 00:08:28 2024] Launched synth_1...
Run output will be captured here: C:/Users/qinyu/Desktop/CSE 100/CSE-100/Lab 6/Lab6/Lab6.runs/synth_1/runme.log
[Thu Mar  7 00:08:28 2024] Launched impl_1...
Run output will be captured here: C:/Users/qinyu/Desktop/CSE 100/CSE-100/Lab 6/Lab6/Lab6.runs/impl_1/runme.log
set_property PROBES.FILE {} [get_hw_devices xc7a35t_0]
set_property FULL_PROBES.FILE {} [get_hw_devices xc7a35t_0]
set_property PROGRAM.FILE {C:/Users/qinyu/Desktop/CSE 100/CSE-100/Lab 6/Lab6/Lab6.runs/impl_1/Top_Module.bit} [get_hw_devices xc7a35t_0]
program_hw_devices [get_hw_devices xc7a35t_0]
INFO: [Labtools 27-3164] End of startup status: HIGH
refresh_hw_device [lindex [get_hw_devices xc7a35t_0] 0]
INFO: [Labtools 27-1434] Device xc7a35t (JTAG device index = 0) is programmed with a design that has no supported debug core(s) in it.
reset_run synth_1
launch_runs impl_1 -to_step write_bitstream -jobs 12
[Thu Mar  7 00:12:21 2024] Launched synth_1...
Run output will be captured here: C:/Users/qinyu/Desktop/CSE 100/CSE-100/Lab 6/Lab6/Lab6.runs/synth_1/runme.log
[Thu Mar  7 00:12:21 2024] Launched impl_1...
Run output will be captured here: C:/Users/qinyu/Desktop/CSE 100/CSE-100/Lab 6/Lab6/Lab6.runs/impl_1/runme.log
ERROR: [Labtoolstcl 44-513] HW Target shutdown. Closing target: localhost:3121/xilinx_tcf/Digilent/210183B312D5A
INFO: [Labtoolstcl 44-466] Opening hw_target localhost:3121/xilinx_tcf/Digilent/210183B312D5A
INFO: [Labtools 27-1434] Device xc7a35t (JTAG device index = 0) is programmed with a design that has no supported debug core(s) in it.
WARNING: [Labtoolstcl 44-129] No matching hw_ila_data was found.
reset_run impl_1
reset_run synth_1
launch_runs impl_1 -to_step write_bitstream -jobs 12
[Thu Mar  7 00:14:01 2024] Launched synth_1...
Run output will be captured here: C:/Users/qinyu/Desktop/CSE 100/CSE-100/Lab 6/Lab6/Lab6.runs/synth_1/runme.log
[Thu Mar  7 00:14:01 2024] Launched impl_1...
Run output will be captured here: C:/Users/qinyu/Desktop/CSE 100/CSE-100/Lab 6/Lab6/Lab6.runs/impl_1/runme.log
set_property PROBES.FILE {} [get_hw_devices xc7a35t_0]
set_property FULL_PROBES.FILE {} [get_hw_devices xc7a35t_0]
set_property PROGRAM.FILE {C:/Users/qinyu/Desktop/CSE 100/CSE-100/Lab 6/Lab6/Lab6.runs/impl_1/Top_Module.bit} [get_hw_devices xc7a35t_0]
program_hw_devices [get_hw_devices xc7a35t_0]
INFO: [Labtools 27-3164] End of startup status: HIGH
refresh_hw_device [lindex [get_hw_devices xc7a35t_0] 0]
INFO: [Labtools 27-1434] Device xc7a35t (JTAG device index = 0) is programmed with a design that has no supported debug core(s) in it.
close_hw
archive_project {C:/Users/qinyu/Desktop/CSE 100/CSE-100/Lab 6/Lab6.xpr.zip} -temp_dir {C:/Users/qinyu/Desktop/CSE 100/CSE-100/Lab 6/Lab6/.Xil/Vivado-14480-QPC} -force -exclude_run_results -include_local_ip_cache -include_config_settings
INFO: [Coretcl 2-137] starting archive...
INFO: [Coretcl 2-1499] Saving project copy to temporary location 'C:/Users/qinyu/Desktop/CSE 100/CSE-100/Lab 6/Lab6/.Xil/Vivado-14480-QPC' for archiving project
Scanning sources...
Finished scanning sources
INFO: [Coretcl 2-1211] Creating project copy for archival...
INFO: [ProjectBase 1-495] The host OS only allows 260 characters in a normal path. The project is stored in a path with more than 80 characters. If you experience any problem with archiving the project, please consider setting environment variable $TEMP to a shorter path.
Current project path is 'C:/Users/qinyu/Desktop/CSE 100/CSE-100/Lab 6/Lab6/.Xil/Vivado-14480-QPC/PrjAr/_X_'.
INFO: [Coretcl 2-135] resetting runs for excluding generated files from archive...
WARNING: [Coretcl 2-105] Run 'synth_1' is currently active
INFO: [Coretcl 2-133] re-setting run 'synth_1'...
INFO: [Coretcl 2-133] re-setting run 'impl_1'...
INFO: [Coretcl 2-1209] Adding archive summary file to the project...
INFO: [Coretcl 2-1214] Preparing project files for archive...
INFO: [Coretcl 2-1210] Compressing project files and data...
INFO: [Coretcl 2-1215] Project archived (C:/Users/qinyu/Desktop/CSE 100/CSE-100/Lab 6/Lab6.xpr.zip)
INFO: [Coretcl 2-1216] To view the archive summary log in GUI, double click on 'Design Sources->Text->archive_project_summary.txt', or open this file from the archived project directory.
exit
INFO: [Common 17-206] Exiting Vivado at Thu Mar  7 00:52:16 2024...
