#-----------------------------------------------------------
# Vivado v2019.1 (64-bit)
# SW Build 2552052 on Fri May 24 14:49:42 MDT 2019
# IP Build 2548770 on Fri May 24 18:01:18 MDT 2019
# Start of session at: Sun Mar  3 16:44:32 2024
# Process ID: 1132
# Current directory: C:/Users/qinyu/Desktop/CSE 100/CSE-100/Lab 6/Lab6
# Command line: vivado.exe -gui_launcher_event rodinguilauncherevent18356 C:\Users\qinyu\Desktop\CSE 100\CSE-100\Lab 6\Lab6\Lab6.xpr
# Log file: C:/Users/qinyu/Desktop/CSE 100/CSE-100/Lab 6/Lab6/vivado.log
# Journal file: C:/Users/qinyu/Desktop/CSE 100/CSE-100/Lab 6/Lab6\vivado.jou
#-----------------------------------------------------------
start_gui
open_project {C:/Users/qinyu/Desktop/CSE 100/CSE-100/Lab 6/Lab6/Lab6.xpr}
INFO: [Project 1-313] Project file moved from 'C:/Users/qinyu/OneDrive/Desktop/CSE100/CSE-100/Lab 6/Lab6' since last save.
Scanning sources...
Finished scanning sources
INFO: [IP_Flow 19-234] Refreshing IP repositories
INFO: [IP_Flow 19-1704] No user IP repositories specified
INFO: [IP_Flow 19-2313] Loaded Vivado IP repository 'C:/Xilinx/Vivado/2019.1/data/ip'.
update_compile_order -fileset sources_1
open_hw
connect_hw_server
INFO: [Labtools 27-2285] Connecting to hw_server url TCP:localhost:3121
INFO: [Labtools 27-2222] Launching hw_server...
INFO: [Labtools 27-2221] Launch Output:

****** Xilinx hw_server v2019.1
  **** Build date : May 24 2019 at 15:13:31
    ** Copyright 1986-2019 Xilinx, Inc. All Rights Reserved.


open_hw_target
INFO: [Labtoolstcl 44-466] Opening hw_target localhost:3121/xilinx_tcf/Digilent/210183B312D5A
set_property PROGRAM.FILE {C:/Users/qinyu/Desktop/CSE 100/CSE-100/Lab 6/Lab6/Lab6.runs/impl_1/Top_Module.bit} [get_hw_devices xc7a35t_0]
current_hw_device [get_hw_devices xc7a35t_0]
refresh_hw_device -update_hw_probes false [lindex [get_hw_devices xc7a35t_0] 0]
INFO: [Labtools 27-1435] Device xc7a35t (JTAG device index = 0) is not programmed (DONE status = 0).
set_property PROBES.FILE {} [get_hw_devices xc7a35t_0]
set_property FULL_PROBES.FILE {} [get_hw_devices xc7a35t_0]
set_property PROGRAM.FILE {C:/Users/qinyu/Desktop/CSE 100/CSE-100/Lab 6/Lab6/Lab6.runs/impl_1/Top_Module.bit} [get_hw_devices xc7a35t_0]
program_hw_devices [get_hw_devices xc7a35t_0]
INFO: [Labtools 27-3164] End of startup status: HIGH
refresh_hw_device [lindex [get_hw_devices xc7a35t_0] 0]
INFO: [Labtools 27-1434] Device xc7a35t (JTAG device index = 0) is programmed with a design that has no supported debug core(s) in it.
close_hw
reset_run synth_1
launch_runs impl_1 -to_step write_bitstream -jobs 12
[Sun Mar  3 16:48:18 2024] Launched synth_1...
Run output will be captured here: C:/Users/qinyu/Desktop/CSE 100/CSE-100/Lab 6/Lab6/Lab6.runs/synth_1/runme.log
[Sun Mar  3 16:48:18 2024] Launched impl_1...
Run output will be captured here: C:/Users/qinyu/Desktop/CSE 100/CSE-100/Lab 6/Lab6/Lab6.runs/impl_1/runme.log
open_hw
connect_hw_server
INFO: [Labtools 27-2285] Connecting to hw_server url TCP:localhost:3121
INFO: [Labtools 27-2222] Launching hw_server...
INFO: [Labtools 27-2221] Launch Output:

****** Xilinx hw_server v2019.1
  **** Build date : May 24 2019 at 15:13:31
    ** Copyright 1986-2019 Xilinx, Inc. All Rights Reserved.


open_hw_target
INFO: [Labtoolstcl 44-466] Opening hw_target localhost:3121/xilinx_tcf/Digilent/210183B312D5A
set_property PROGRAM.FILE {C:/Users/qinyu/Desktop/CSE 100/CSE-100/Lab 6/Lab6/Lab6.runs/impl_1/Top_Module.bit} [get_hw_devices xc7a35t_0]
current_hw_device [get_hw_devices xc7a35t_0]
refresh_hw_device -update_hw_probes false [lindex [get_hw_devices xc7a35t_0] 0]
INFO: [Labtools 27-1434] Device xc7a35t (JTAG device index = 0) is programmed with a design that has no supported debug core(s) in it.
set_property PROBES.FILE {} [get_hw_devices xc7a35t_0]
set_property FULL_PROBES.FILE {} [get_hw_devices xc7a35t_0]
set_property PROGRAM.FILE {C:/Users/qinyu/Desktop/CSE 100/CSE-100/Lab 6/Lab6/Lab6.runs/impl_1/Top_Module.bit} [get_hw_devices xc7a35t_0]
program_hw_devices [get_hw_devices xc7a35t_0]
INFO: [Labtools 27-3164] End of startup status: HIGH
refresh_hw_device [lindex [get_hw_devices xc7a35t_0] 0]
INFO: [Labtools 27-1434] Device xc7a35t (JTAG device index = 0) is programmed with a design that has no supported debug core(s) in it.
reset_run synth_1
launch_runs impl_1 -to_step write_bitstream -jobs 12
[Sun Mar  3 16:50:21 2024] Launched synth_1...
Run output will be captured here: C:/Users/qinyu/Desktop/CSE 100/CSE-100/Lab 6/Lab6/Lab6.runs/synth_1/runme.log
[Sun Mar  3 16:50:21 2024] Launched impl_1...
Run output will be captured here: C:/Users/qinyu/Desktop/CSE 100/CSE-100/Lab 6/Lab6/Lab6.runs/impl_1/runme.log
set_property PROBES.FILE {} [get_hw_devices xc7a35t_0]
set_property FULL_PROBES.FILE {} [get_hw_devices xc7a35t_0]
set_property PROGRAM.FILE {C:/Users/qinyu/Desktop/CSE 100/CSE-100/Lab 6/Lab6/Lab6.runs/impl_1/Top_Module.bit} [get_hw_devices xc7a35t_0]
program_hw_devices [get_hw_devices xc7a35t_0]
INFO: [Labtools 27-3164] End of startup status: HIGH
refresh_hw_device [lindex [get_hw_devices xc7a35t_0] 0]
INFO: [Labtools 27-1434] Device xc7a35t (JTAG device index = 0) is programmed with a design that has no supported debug core(s) in it.
reset_run synth_1
launch_runs impl_1 -to_step write_bitstream -jobs 12
[Sun Mar  3 16:52:15 2024] Launched synth_1...
Run output will be captured here: C:/Users/qinyu/Desktop/CSE 100/CSE-100/Lab 6/Lab6/Lab6.runs/synth_1/runme.log
[Sun Mar  3 16:52:15 2024] Launched impl_1...
Run output will be captured here: C:/Users/qinyu/Desktop/CSE 100/CSE-100/Lab 6/Lab6/Lab6.runs/impl_1/runme.log
set_property PROBES.FILE {} [get_hw_devices xc7a35t_0]
set_property FULL_PROBES.FILE {} [get_hw_devices xc7a35t_0]
set_property PROGRAM.FILE {C:/Users/qinyu/Desktop/CSE 100/CSE-100/Lab 6/Lab6/Lab6.runs/impl_1/Top_Module.bit} [get_hw_devices xc7a35t_0]
program_hw_devices [get_hw_devices xc7a35t_0]
INFO: [Labtools 27-3164] End of startup status: HIGH
refresh_hw_device [lindex [get_hw_devices xc7a35t_0] 0]
INFO: [Labtools 27-1434] Device xc7a35t (JTAG device index = 0) is programmed with a design that has no supported debug core(s) in it.
reset_run synth_1
launch_runs impl_1 -to_step write_bitstream -jobs 12
[Sun Mar  3 16:54:36 2024] Launched synth_1...
Run output will be captured here: C:/Users/qinyu/Desktop/CSE 100/CSE-100/Lab 6/Lab6/Lab6.runs/synth_1/runme.log
[Sun Mar  3 16:54:36 2024] Launched impl_1...
Run output will be captured here: C:/Users/qinyu/Desktop/CSE 100/CSE-100/Lab 6/Lab6/Lab6.runs/impl_1/runme.log
set_property PROBES.FILE {} [get_hw_devices xc7a35t_0]
set_property FULL_PROBES.FILE {} [get_hw_devices xc7a35t_0]
set_property PROGRAM.FILE {C:/Users/qinyu/Desktop/CSE 100/CSE-100/Lab 6/Lab6/Lab6.runs/impl_1/Top_Module.bit} [get_hw_devices xc7a35t_0]
program_hw_devices [get_hw_devices xc7a35t_0]
INFO: [Labtools 27-3164] End of startup status: HIGH
refresh_hw_device [lindex [get_hw_devices xc7a35t_0] 0]
INFO: [Labtools 27-1434] Device xc7a35t (JTAG device index = 0) is programmed with a design that has no supported debug core(s) in it.
reset_run synth_1
launch_runs impl_1 -to_step write_bitstream -jobs 12
[Sun Mar  3 16:56:15 2024] Launched synth_1...
Run output will be captured here: C:/Users/qinyu/Desktop/CSE 100/CSE-100/Lab 6/Lab6/Lab6.runs/synth_1/runme.log
[Sun Mar  3 16:56:15 2024] Launched impl_1...
Run output will be captured here: C:/Users/qinyu/Desktop/CSE 100/CSE-100/Lab 6/Lab6/Lab6.runs/impl_1/runme.log
set_property PROBES.FILE {} [get_hw_devices xc7a35t_0]
set_property FULL_PROBES.FILE {} [get_hw_devices xc7a35t_0]
set_property PROGRAM.FILE {C:/Users/qinyu/Desktop/CSE 100/CSE-100/Lab 6/Lab6/Lab6.runs/impl_1/Top_Module.bit} [get_hw_devices xc7a35t_0]
program_hw_devices [get_hw_devices xc7a35t_0]
INFO: [Labtools 27-3164] End of startup status: HIGH
refresh_hw_device [lindex [get_hw_devices xc7a35t_0] 0]
INFO: [Labtools 27-1434] Device xc7a35t (JTAG device index = 0) is programmed with a design that has no supported debug core(s) in it.
close_hw
close [ open {C:/Users/qinyu/Desktop/CSE 100/CSE-100/Lab 6/Lab6/Lab6.srcs/sources_1/new/Energy.v} w ]
add_files {{C:/Users/qinyu/Desktop/CSE 100/CSE-100/Lab 6/Lab6/Lab6.srcs/sources_1/new/Energy.v}}
update_compile_order -fileset sources_1
update_compile_order -fileset sources_1
reset_run synth_1
launch_runs impl_1 -to_step write_bitstream -jobs 12
[Sun Mar  3 17:03:16 2024] Launched synth_1...
Run output will be captured here: C:/Users/qinyu/Desktop/CSE 100/CSE-100/Lab 6/Lab6/Lab6.runs/synth_1/runme.log
[Sun Mar  3 17:03:16 2024] Launched impl_1...
Run output will be captured here: C:/Users/qinyu/Desktop/CSE 100/CSE-100/Lab 6/Lab6/Lab6.runs/impl_1/runme.log
open_hw
connect_hw_server
INFO: [Labtools 27-2285] Connecting to hw_server url TCP:localhost:3121
INFO: [Labtools 27-2222] Launching hw_server...
INFO: [Labtools 27-2221] Launch Output:

****** Xilinx hw_server v2019.1
  **** Build date : May 24 2019 at 15:13:31
    ** Copyright 1986-2019 Xilinx, Inc. All Rights Reserved.


open_hw_target
INFO: [Labtoolstcl 44-466] Opening hw_target localhost:3121/xilinx_tcf/Digilent/210183B312D5A
set_property PROGRAM.FILE {C:/Users/qinyu/Desktop/CSE 100/CSE-100/Lab 6/Lab6/Lab6.runs/impl_1/Top_Module.bit} [get_hw_devices xc7a35t_0]
current_hw_device [get_hw_devices xc7a35t_0]
refresh_hw_device -update_hw_probes false [lindex [get_hw_devices xc7a35t_0] 0]
INFO: [Labtools 27-1434] Device xc7a35t (JTAG device index = 0) is programmed with a design that has no supported debug core(s) in it.
set_property PROBES.FILE {} [get_hw_devices xc7a35t_0]
set_property FULL_PROBES.FILE {} [get_hw_devices xc7a35t_0]
set_property PROGRAM.FILE {C:/Users/qinyu/Desktop/CSE 100/CSE-100/Lab 6/Lab6/Lab6.runs/impl_1/Top_Module.bit} [get_hw_devices xc7a35t_0]
program_hw_devices [get_hw_devices xc7a35t_0]
INFO: [Labtools 27-3164] End of startup status: HIGH
refresh_hw_device [lindex [get_hw_devices xc7a35t_0] 0]
INFO: [Labtools 27-1434] Device xc7a35t (JTAG device index = 0) is programmed with a design that has no supported debug core(s) in it.
close_hw
reset_run synth_1
launch_runs impl_1 -to_step write_bitstream -jobs 12
[Sun Mar  3 17:07:38 2024] Launched synth_1...
Run output will be captured here: C:/Users/qinyu/Desktop/CSE 100/CSE-100/Lab 6/Lab6/Lab6.runs/synth_1/runme.log
[Sun Mar  3 17:07:38 2024] Launched impl_1...
Run output will be captured here: C:/Users/qinyu/Desktop/CSE 100/CSE-100/Lab 6/Lab6/Lab6.runs/impl_1/runme.log
open_hw
connect_hw_server
INFO: [Labtools 27-2285] Connecting to hw_server url TCP:localhost:3121
INFO: [Labtools 27-2222] Launching hw_server...
INFO: [Labtools 27-2221] Launch Output:

****** Xilinx hw_server v2019.1
  **** Build date : May 24 2019 at 15:13:31
    ** Copyright 1986-2019 Xilinx, Inc. All Rights Reserved.


open_hw_target
INFO: [Labtoolstcl 44-466] Opening hw_target localhost:3121/xilinx_tcf/Digilent/210183B312D5A
set_property PROGRAM.FILE {C:/Users/qinyu/Desktop/CSE 100/CSE-100/Lab 6/Lab6/Lab6.runs/impl_1/Top_Module.bit} [get_hw_devices xc7a35t_0]
current_hw_device [get_hw_devices xc7a35t_0]
refresh_hw_device -update_hw_probes false [lindex [get_hw_devices xc7a35t_0] 0]
INFO: [Labtools 27-1434] Device xc7a35t (JTAG device index = 0) is programmed with a design that has no supported debug core(s) in it.
set_property PROBES.FILE {} [get_hw_devices xc7a35t_0]
set_property FULL_PROBES.FILE {} [get_hw_devices xc7a35t_0]
set_property PROGRAM.FILE {C:/Users/qinyu/Desktop/CSE 100/CSE-100/Lab 6/Lab6/Lab6.runs/impl_1/Top_Module.bit} [get_hw_devices xc7a35t_0]
program_hw_devices [get_hw_devices xc7a35t_0]
INFO: [Labtools 27-3164] End of startup status: HIGH
refresh_hw_device [lindex [get_hw_devices xc7a35t_0] 0]
INFO: [Labtools 27-1434] Device xc7a35t (JTAG device index = 0) is programmed with a design that has no supported debug core(s) in it.
reset_run synth_1
launch_runs impl_1 -to_step write_bitstream -jobs 12
[Sun Mar  3 17:10:02 2024] Launched synth_1...
Run output will be captured here: C:/Users/qinyu/Desktop/CSE 100/CSE-100/Lab 6/Lab6/Lab6.runs/synth_1/runme.log
[Sun Mar  3 17:10:02 2024] Launched impl_1...
Run output will be captured here: C:/Users/qinyu/Desktop/CSE 100/CSE-100/Lab 6/Lab6/Lab6.runs/impl_1/runme.log
set_property PROBES.FILE {} [get_hw_devices xc7a35t_0]
set_property FULL_PROBES.FILE {} [get_hw_devices xc7a35t_0]
set_property PROGRAM.FILE {C:/Users/qinyu/Desktop/CSE 100/CSE-100/Lab 6/Lab6/Lab6.runs/impl_1/Top_Module.bit} [get_hw_devices xc7a35t_0]
program_hw_devices [get_hw_devices xc7a35t_0]
INFO: [Labtools 27-3164] End of startup status: HIGH
refresh_hw_device [lindex [get_hw_devices xc7a35t_0] 0]
INFO: [Labtools 27-1434] Device xc7a35t (JTAG device index = 0) is programmed with a design that has no supported debug core(s) in it.
reset_run synth_1
launch_runs impl_1 -to_step write_bitstream -jobs 12
[Sun Mar  3 17:12:48 2024] Launched synth_1...
Run output will be captured here: C:/Users/qinyu/Desktop/CSE 100/CSE-100/Lab 6/Lab6/Lab6.runs/synth_1/runme.log
[Sun Mar  3 17:12:48 2024] Launched impl_1...
Run output will be captured here: C:/Users/qinyu/Desktop/CSE 100/CSE-100/Lab 6/Lab6/Lab6.runs/impl_1/runme.log
set_property PROBES.FILE {} [get_hw_devices xc7a35t_0]
set_property FULL_PROBES.FILE {} [get_hw_devices xc7a35t_0]
set_property PROGRAM.FILE {C:/Users/qinyu/Desktop/CSE 100/CSE-100/Lab 6/Lab6/Lab6.runs/impl_1/Top_Module.bit} [get_hw_devices xc7a35t_0]
program_hw_devices [get_hw_devices xc7a35t_0]
INFO: [Labtools 27-3164] End of startup status: HIGH
refresh_hw_device [lindex [get_hw_devices xc7a35t_0] 0]
INFO: [Labtools 27-1434] Device xc7a35t (JTAG device index = 0) is programmed with a design that has no supported debug core(s) in it.
set_property PROBES.FILE {} [get_hw_devices xc7a35t_0]
set_property FULL_PROBES.FILE {} [get_hw_devices xc7a35t_0]
set_property PROGRAM.FILE {C:/Users/qinyu/Desktop/CSE 100/CSE-100/Lab 6/Lab6/Lab6.runs/impl_1/Top_Module.bit} [get_hw_devices xc7a35t_0]
program_hw_devices [get_hw_devices xc7a35t_0]
INFO: [Labtools 27-3164] End of startup status: HIGH
refresh_hw_device [lindex [get_hw_devices xc7a35t_0] 0]
INFO: [Labtools 27-1434] Device xc7a35t (JTAG device index = 0) is programmed with a design that has no supported debug core(s) in it.
reset_run synth_1
launch_runs impl_1 -to_step write_bitstream -jobs 12
[Sun Mar  3 17:20:39 2024] Launched synth_1...
Run output will be captured here: C:/Users/qinyu/Desktop/CSE 100/CSE-100/Lab 6/Lab6/Lab6.runs/synth_1/runme.log
[Sun Mar  3 17:20:39 2024] Launched impl_1...
Run output will be captured here: C:/Users/qinyu/Desktop/CSE 100/CSE-100/Lab 6/Lab6/Lab6.runs/impl_1/runme.log
set_property PROBES.FILE {} [get_hw_devices xc7a35t_0]
set_property FULL_PROBES.FILE {} [get_hw_devices xc7a35t_0]
set_property PROGRAM.FILE {C:/Users/qinyu/Desktop/CSE 100/CSE-100/Lab 6/Lab6/Lab6.runs/impl_1/Top_Module.bit} [get_hw_devices xc7a35t_0]
program_hw_devices [get_hw_devices xc7a35t_0]
INFO: [Labtools 27-3164] End of startup status: HIGH
refresh_hw_device [lindex [get_hw_devices xc7a35t_0] 0]
INFO: [Labtools 27-1434] Device xc7a35t (JTAG device index = 0) is programmed with a design that has no supported debug core(s) in it.
reset_run synth_1
launch_runs impl_1 -to_step write_bitstream -jobs 12
[Sun Mar  3 17:22:45 2024] Launched synth_1...
Run output will be captured here: C:/Users/qinyu/Desktop/CSE 100/CSE-100/Lab 6/Lab6/Lab6.runs/synth_1/runme.log
[Sun Mar  3 17:22:45 2024] Launched impl_1...
Run output will be captured here: C:/Users/qinyu/Desktop/CSE 100/CSE-100/Lab 6/Lab6/Lab6.runs/impl_1/runme.log
reset_run synth_1
launch_runs impl_1 -to_step write_bitstream -jobs 12
[Sun Mar  3 17:24:03 2024] Launched synth_1...
Run output will be captured here: C:/Users/qinyu/Desktop/CSE 100/CSE-100/Lab 6/Lab6/Lab6.runs/synth_1/runme.log
[Sun Mar  3 17:24:03 2024] Launched impl_1...
Run output will be captured here: C:/Users/qinyu/Desktop/CSE 100/CSE-100/Lab 6/Lab6/Lab6.runs/impl_1/runme.log
set_property PROBES.FILE {} [get_hw_devices xc7a35t_0]
set_property FULL_PROBES.FILE {} [get_hw_devices xc7a35t_0]
set_property PROGRAM.FILE {C:/Users/qinyu/Desktop/CSE 100/CSE-100/Lab 6/Lab6/Lab6.runs/impl_1/Top_Module.bit} [get_hw_devices xc7a35t_0]
program_hw_devices [get_hw_devices xc7a35t_0]
INFO: [Labtools 27-3164] End of startup status: HIGH
refresh_hw_device [lindex [get_hw_devices xc7a35t_0] 0]
INFO: [Labtools 27-1434] Device xc7a35t (JTAG device index = 0) is programmed with a design that has no supported debug core(s) in it.
reset_run synth_1
launch_runs impl_1 -to_step write_bitstream -jobs 12
[Sun Mar  3 17:26:22 2024] Launched synth_1...
Run output will be captured here: C:/Users/qinyu/Desktop/CSE 100/CSE-100/Lab 6/Lab6/Lab6.runs/synth_1/runme.log
[Sun Mar  3 17:26:22 2024] Launched impl_1...
Run output will be captured here: C:/Users/qinyu/Desktop/CSE 100/CSE-100/Lab 6/Lab6/Lab6.runs/impl_1/runme.log
set_property PROBES.FILE {} [get_hw_devices xc7a35t_0]
set_property FULL_PROBES.FILE {} [get_hw_devices xc7a35t_0]
set_property PROGRAM.FILE {C:/Users/qinyu/Desktop/CSE 100/CSE-100/Lab 6/Lab6/Lab6.runs/impl_1/Top_Module.bit} [get_hw_devices xc7a35t_0]
program_hw_devices [get_hw_devices xc7a35t_0]
INFO: [Labtools 27-3164] End of startup status: HIGH
refresh_hw_device [lindex [get_hw_devices xc7a35t_0] 0]
INFO: [Labtools 27-1434] Device xc7a35t (JTAG device index = 0) is programmed with a design that has no supported debug core(s) in it.
set_property PROBES.FILE {} [get_hw_devices xc7a35t_0]
set_property FULL_PROBES.FILE {} [get_hw_devices xc7a35t_0]
set_property PROGRAM.FILE {C:/Users/qinyu/Desktop/CSE 100/CSE-100/Lab 6/Lab6/Lab6.runs/impl_1/Top_Module.bit} [get_hw_devices xc7a35t_0]
program_hw_devices [get_hw_devices xc7a35t_0]
INFO: [Labtools 27-3164] End of startup status: HIGH
refresh_hw_device [lindex [get_hw_devices xc7a35t_0] 0]
INFO: [Labtools 27-1434] Device xc7a35t (JTAG device index = 0) is programmed with a design that has no supported debug core(s) in it.
reset_run synth_1
launch_runs impl_1 -to_step write_bitstream -jobs 12
[Sun Mar  3 17:28:04 2024] Launched synth_1...
Run output will be captured here: C:/Users/qinyu/Desktop/CSE 100/CSE-100/Lab 6/Lab6/Lab6.runs/synth_1/runme.log
[Sun Mar  3 17:28:04 2024] Launched impl_1...
Run output will be captured here: C:/Users/qinyu/Desktop/CSE 100/CSE-100/Lab 6/Lab6/Lab6.runs/impl_1/runme.log
set_property PROBES.FILE {} [get_hw_devices xc7a35t_0]
set_property FULL_PROBES.FILE {} [get_hw_devices xc7a35t_0]
set_property PROGRAM.FILE {C:/Users/qinyu/Desktop/CSE 100/CSE-100/Lab 6/Lab6/Lab6.runs/impl_1/Top_Module.bit} [get_hw_devices xc7a35t_0]
program_hw_devices [get_hw_devices xc7a35t_0]
INFO: [Labtools 27-3164] End of startup status: HIGH
refresh_hw_device [lindex [get_hw_devices xc7a35t_0] 0]
INFO: [Labtools 27-1434] Device xc7a35t (JTAG device index = 0) is programmed with a design that has no supported debug core(s) in it.
set_property PROBES.FILE {} [get_hw_devices xc7a35t_0]
set_property FULL_PROBES.FILE {} [get_hw_devices xc7a35t_0]
set_property PROGRAM.FILE {C:/Users/qinyu/Desktop/CSE 100/CSE-100/Lab 6/Lab6/Lab6.runs/impl_1/Top_Module.bit} [get_hw_devices xc7a35t_0]
program_hw_devices [get_hw_devices xc7a35t_0]
INFO: [Labtools 27-3164] End of startup status: HIGH
refresh_hw_device [lindex [get_hw_devices xc7a35t_0] 0]
INFO: [Labtools 27-1434] Device xc7a35t (JTAG device index = 0) is programmed with a design that has no supported debug core(s) in it.
exit
INFO: [Common 17-206] Exiting Vivado at Sun Mar  3 17:32:47 2024...
