#-----------------------------------------------------------
# Vivado v2019.1 (64-bit)
# SW Build 2552052 on Fri May 24 14:49:42 MDT 2019
# IP Build 2548770 on Fri May 24 18:01:18 MDT 2019
# Start of session at: Wed Feb  7 02:13:00 2024
# Process ID: 22664
# Current directory: C:/Users/qinyu/Desktop/CSE 100/CSE-100/Lab 4/Lab4
# Command line: vivado.exe -gui_launcher_event rodinguilauncherevent27536 C:\Users\qinyu\Desktop\CSE 100\CSE-100\Lab 4\Lab4\Lab4.xpr
# Log file: C:/Users/qinyu/Desktop/CSE 100/CSE-100/Lab 4/Lab4/vivado.log
# Journal file: C:/Users/qinyu/Desktop/CSE 100/CSE-100/Lab 4/Lab4\vivado.jou
#-----------------------------------------------------------
start_gui
open_project {C:/Users/qinyu/Desktop/CSE 100/CSE-100/Lab 4/Lab4/Lab4.xpr}
Scanning sources...
Finished scanning sources
INFO: [IP_Flow 19-234] Refreshing IP repositories
INFO: [IP_Flow 19-1704] No user IP repositories specified
INFO: [IP_Flow 19-2313] Loaded Vivado IP repository 'C:/Xilinx/Vivado/2019.1/data/ip'.
update_compile_order -fileset sources_1
set_property SOURCE_SET sources_1 [get_filesets sim_1]
close [ open {C:/Users/qinyu/Desktop/CSE 100/CSE-100/Lab 4/Lab4/Lab4.srcs/sim_1/new/StateMachine_Test.v} w ]
add_files -fileset sim_1 {{C:/Users/qinyu/Desktop/CSE 100/CSE-100/Lab 4/Lab4/Lab4.srcs/sim_1/new/StateMachine_Test.v}}
update_compile_order -fileset sim_1
update_compile_order -fileset sources_1
update_compile_order -fileset sources_1
update_compile_order -fileset sources_1
update_compile_order -fileset sources_1
exit
INFO: [Common 17-206] Exiting Vivado at Thu Feb  8 05:57:10 2024...
