#-----------------------------------------------------------
# Vivado v2019.1 (64-bit)
# SW Build 2552052 on Fri May 24 14:49:42 MDT 2019
# IP Build 2548770 on Fri May 24 18:01:18 MDT 2019
# Start of session at: Thu Feb  8 06:36:10 2024
# Process ID: 14992
# Current directory: C:/Users/qinyu/OneDrive/Desktop/CSE100/CSE-100/Lab 4/Lab4
# Command line: vivado.exe -gui_launcher_event rodinguilauncherevent11140 C:\Users\qinyu\OneDrive\Desktop\CSE100\CSE-100\Lab 4\Lab4\Lab4.xpr
# Log file: C:/Users/qinyu/OneDrive/Desktop/CSE100/CSE-100/Lab 4/Lab4/vivado.log
# Journal file: C:/Users/qinyu/OneDrive/Desktop/CSE100/CSE-100/Lab 4/Lab4\vivado.jou
#-----------------------------------------------------------
start_gui
open_project {C:/Users/qinyu/OneDrive/Desktop/CSE100/CSE-100/Lab 4/Lab4/Lab4.xpr}
INFO: [Project 1-313] Project file moved from 'C:/Users/qinyu/Desktop/CSE 100/CSE-100/Lab 4/Lab4' since last save.
Scanning sources...
Finished scanning sources
INFO: [IP_Flow 19-234] Refreshing IP repositories
INFO: [IP_Flow 19-1704] No user IP repositories specified
INFO: [IP_Flow 19-2313] Loaded Vivado IP repository 'C:/Xilinx/Vivado/2019.1/data/ip'.
open_project: Time (s): cpu = 00:00:07 ; elapsed = 00:00:09 . Memory (MB): peak = 710.348 ; gain = 81.203
update_compile_order -fileset sources_1
launch_simulation
INFO: [Vivado 12-5682] Launching behavioral simulation in 'C:/Users/qinyu/OneDrive/Desktop/CSE100/CSE-100/Lab 4/Lab4/Lab4.sim/sim_1/behav/xsim'
INFO: [SIM-utils-51] Simulation object is 'sim_1'
INFO: [SIM-utils-54] Inspecting design source files for 'LFSR_Test' in fileset 'sim_1'...
INFO: [USF-XSim-97] Finding global include files...
INFO: [USF-XSim-98] Fetching design files from 'sim_1'...
INFO: [USF-XSim-2] XSim::Compile design
INFO: [USF-XSim-61] Executing 'COMPILE and ANALYZE' step in 'C:/Users/qinyu/OneDrive/Desktop/CSE100/CSE-100/Lab 4/Lab4/Lab4.sim/sim_1/behav/xsim'
"xvlog --incr --relax -prj LFSR_Test_vlog.prj"
INFO: [VRFC 10-2263] Analyzing Verilog file "C:/Users/qinyu/OneDrive/Desktop/CSE100/CSE-100/Lab 4/Lab4/Lab4.srcs/sources_1/new/LFSR.v" into library xil_defaultlib
INFO: [VRFC 10-311] analyzing module LFSR
INFO: [VRFC 10-2263] Analyzing Verilog file "C:/Users/qinyu/OneDrive/Desktop/CSE100/CSE-100/Lab 4/Lab4/Lab4.srcs/sim_1/new/LFSR_Test.v" into library xil_defaultlib
INFO: [VRFC 10-311] analyzing module LFSR_Test
INFO: [VRFC 10-2263] Analyzing Verilog file "C:/Users/qinyu/OneDrive/Desktop/CSE100/CSE-100/Lab 4/Lab4/Lab4.sim/sim_1/behav/xsim/glbl.v" into library xil_defaultlib
INFO: [VRFC 10-311] analyzing module glbl
INFO: [USF-XSim-69] 'compile' step finished in '2' seconds
INFO: [USF-XSim-3] XSim::Elaborate design
INFO: [USF-XSim-61] Executing 'ELABORATE' step in 'C:/Users/qinyu/OneDrive/Desktop/CSE100/CSE-100/Lab 4/Lab4/Lab4.sim/sim_1/behav/xsim'
"xelab -wto 83e735c7fab44058940f9cbf4c18ba67 --incr --debug typical --relax --mt 2 -L xil_defaultlib -L unisims_ver -L unimacro_ver -L secureip --snapshot LFSR_Test_behav xil_defaultlib.LFSR_Test xil_defaultlib.glbl -log elaborate.log"
Vivado Simulator 2019.1
Copyright 1986-1999, 2001-2019 Xilinx, Inc. All Rights Reserved.
Running: C:/Xilinx/Vivado/2019.1/bin/unwrapped/win64.o/xelab.exe -wto 83e735c7fab44058940f9cbf4c18ba67 --incr --debug typical --relax --mt 2 -L xil_defaultlib -L unisims_ver -L unimacro_ver -L secureip --snapshot LFSR_Test_behav xil_defaultlib.LFSR_Test xil_defaultlib.glbl -log elaborate.log 
Using 2 slave threads.
Starting static elaboration
Completed static elaboration
Starting simulation data flow analysis
Completed simulation data flow analysis
Time Resolution for simulation is 1ps
Compiling module unisims_ver.FDRE(INIT=1'b1)
Compiling module unisims_ver.FDRE_default
Compiling module xil_defaultlib.LFSR_default
Compiling module xil_defaultlib.LFSR_Test
Compiling module xil_defaultlib.glbl
Built simulation snapshot LFSR_Test_behav

****** Webtalk v2019.1 (64-bit)
  **** SW Build 2552052 on Fri May 24 14:49:42 MDT 2019
  **** IP Build 2548770 on Fri May 24 18:01:18 MDT 2019
    ** Copyright 1986-2019 Xilinx, Inc. All Rights Reserved.

source C:/Users/qinyu/OneDrive/Desktop/CSE100/CSE-100/Lab -notrace
couldn't read file "C:/Users/qinyu/OneDrive/Desktop/CSE100/CSE-100/Lab": no such file or directory
INFO: [Common 17-206] Exiting Webtalk at Thu Feb  8 07:46:12 2024...
run_program: Time (s): cpu = 00:00:00 ; elapsed = 00:00:06 . Memory (MB): peak = 749.797 ; gain = 0.000
INFO: [USF-XSim-69] 'elaborate' step finished in '6' seconds
INFO: [USF-XSim-4] XSim::Simulate design
INFO: [USF-XSim-61] Executing 'SIMULATE' step in 'C:/Users/qinyu/OneDrive/Desktop/CSE100/CSE-100/Lab 4/Lab4/Lab4.sim/sim_1/behav/xsim'
INFO: [USF-XSim-98] *** Running xsim
   with args "LFSR_Test_behav -key {Behavioral:sim_1:Functional:LFSR_Test} -tclbatch {LFSR_Test.tcl} -log {simulate.log}"
INFO: [USF-XSim-8] Loading simulator feature
Vivado Simulator 2019.1
Time resolution is 1 ps
source LFSR_Test.tcl
# set curr_wave [current_wave_config]
# if { [string length $curr_wave] == 0 } {
#   if { [llength [get_objects]] > 0} {
#     add_wave /
#     set_property needs_save false [current_wave_config]
#   } else {
#      send_msg_id Add_Wave-1 WARNING "No top level signals found. Simulator will start without a wave window. If you want to open a wave window go to 'File->New Waveform Configuration' or type 'create_wave_config' in the TCL console."
#   }
# }
# run 1000ns
INFO: [USF-XSim-96] XSim completed. Design snapshot 'LFSR_Test_behav' loaded.
INFO: [USF-XSim-97] XSim simulation ran for 1000ns
launch_simulation: Time (s): cpu = 00:00:04 ; elapsed = 00:00:16 . Memory (MB): peak = 775.488 ; gain = 25.691
set_property top StateMachine_Test [get_filesets sim_1]
set_property top_lib xil_defaultlib [get_filesets sim_1]
update_compile_order -fileset sim_1
close_sim
INFO: [Simtcl 6-16] Simulation closed
launch_simulation
INFO: [Vivado 12-5682] Launching behavioral simulation in 'C:/Users/qinyu/OneDrive/Desktop/CSE100/CSE-100/Lab 4/Lab4/Lab4.sim/sim_1/behav/xsim'
INFO: [SIM-utils-51] Simulation object is 'sim_1'
INFO: [SIM-utils-54] Inspecting design source files for 'StateMachine_Test' in fileset 'sim_1'...
INFO: [USF-XSim-97] Finding global include files...
INFO: [USF-XSim-98] Fetching design files from 'sim_1'...
INFO: [USF-XSim-2] XSim::Compile design
INFO: [USF-XSim-61] Executing 'COMPILE and ANALYZE' step in 'C:/Users/qinyu/OneDrive/Desktop/CSE100/CSE-100/Lab 4/Lab4/Lab4.sim/sim_1/behav/xsim'
"xvlog --incr --relax -prj StateMachine_Test_vlog.prj"
INFO: [VRFC 10-2263] Analyzing Verilog file "C:/Users/qinyu/OneDrive/Desktop/CSE100/CSE-100/Lab 4/Lab4/Lab4.srcs/sources_1/new/State_Machine.v" into library xil_defaultlib
INFO: [VRFC 10-311] analyzing module State_Machine
INFO: [VRFC 10-2263] Analyzing Verilog file "C:/Users/qinyu/OneDrive/Desktop/CSE100/CSE-100/Lab 4/Lab4/Lab4.srcs/sim_1/new/StateMachine_Test.v" into library xil_defaultlib
INFO: [VRFC 10-311] analyzing module StateMachine_Test
INFO: [USF-XSim-69] 'compile' step finished in '1' seconds
INFO: [USF-XSim-3] XSim::Elaborate design
INFO: [USF-XSim-61] Executing 'ELABORATE' step in 'C:/Users/qinyu/OneDrive/Desktop/CSE100/CSE-100/Lab 4/Lab4/Lab4.sim/sim_1/behav/xsim'
"xelab -wto 83e735c7fab44058940f9cbf4c18ba67 --incr --debug typical --relax --mt 2 -L xil_defaultlib -L unisims_ver -L unimacro_ver -L secureip --snapshot StateMachine_Test_behav xil_defaultlib.StateMachine_Test xil_defaultlib.glbl -log elaborate.log"
Vivado Simulator 2019.1
Copyright 1986-1999, 2001-2019 Xilinx, Inc. All Rights Reserved.
Running: C:/Xilinx/Vivado/2019.1/bin/unwrapped/win64.o/xelab.exe -wto 83e735c7fab44058940f9cbf4c18ba67 --incr --debug typical --relax --mt 2 -L xil_defaultlib -L unisims_ver -L unimacro_ver -L secureip --snapshot StateMachine_Test_behav xil_defaultlib.StateMachine_Test xil_defaultlib.glbl -log elaborate.log 
Using 2 slave threads.
Starting static elaboration
Completed static elaboration
Starting simulation data flow analysis
Completed simulation data flow analysis
Time Resolution for simulation is 1ps
Compiling module unisims_ver.FDRE(INIT=1'b1)
Compiling module xil_defaultlib.State_Machine_default
Compiling module xil_defaultlib.StateMachine_Test
Compiling module xil_defaultlib.glbl
Built simulation snapshot StateMachine_Test_behav

****** Webtalk v2019.1 (64-bit)
  **** SW Build 2552052 on Fri May 24 14:49:42 MDT 2019
  **** IP Build 2548770 on Fri May 24 18:01:18 MDT 2019
    ** Copyright 1986-2019 Xilinx, Inc. All Rights Reserved.

source C:/Users/qinyu/OneDrive/Desktop/CSE100/CSE-100/Lab -notrace
couldn't read file "C:/Users/qinyu/OneDrive/Desktop/CSE100/CSE-100/Lab": no such file or directory
INFO: [Common 17-206] Exiting Webtalk at Thu Feb  8 07:47:00 2024...
INFO: [USF-XSim-69] 'elaborate' step finished in '3' seconds
INFO: [USF-XSim-4] XSim::Simulate design
INFO: [USF-XSim-61] Executing 'SIMULATE' step in 'C:/Users/qinyu/OneDrive/Desktop/CSE100/CSE-100/Lab 4/Lab4/Lab4.sim/sim_1/behav/xsim'
INFO: [USF-XSim-98] *** Running xsim
   with args "StateMachine_Test_behav -key {Behavioral:sim_1:Functional:StateMachine_Test} -tclbatch {StateMachine_Test.tcl} -log {simulate.log}"
INFO: [USF-XSim-8] Loading simulator feature
Vivado Simulator 2019.1
Time resolution is 1 ps
source StateMachine_Test.tcl
# set curr_wave [current_wave_config]
# if { [string length $curr_wave] == 0 } {
#   if { [llength [get_objects]] > 0} {
#     add_wave /
#     set_property needs_save false [current_wave_config]
#   } else {
#      send_msg_id Add_Wave-1 WARNING "No top level signals found. Simulator will start without a wave window. If you want to open a wave window go to 'File->New Waveform Configuration' or type 'create_wave_config' in the TCL console."
#   }
# }
# run 1000ns
xsim: Time (s): cpu = 00:00:02 ; elapsed = 00:00:05 . Memory (MB): peak = 815.797 ; gain = 0.000
INFO: [USF-XSim-96] XSim completed. Design snapshot 'StateMachine_Test_behav' loaded.
INFO: [USF-XSim-97] XSim simulation ran for 1000ns
launch_simulation: Time (s): cpu = 00:00:02 ; elapsed = 00:00:10 . Memory (MB): peak = 815.797 ; gain = 0.000
run 271 ns
close_sim
INFO: [Simtcl 6-16] Simulation closed
reset_run synth_1
launch_runs synth_1 -jobs 8
[Thu Feb  8 07:53:26 2024] Launched synth_1...
Run output will be captured here: C:/Users/qinyu/OneDrive/Desktop/CSE100/CSE-100/Lab 4/Lab4/Lab4.runs/synth_1/runme.log
reset_run synth_1
launch_runs synth_1 -jobs 8
[Thu Feb  8 07:55:31 2024] Launched synth_1...
Run output will be captured here: C:/Users/qinyu/OneDrive/Desktop/CSE100/CSE-100/Lab 4/Lab4/Lab4.runs/synth_1/runme.log
reset_run synth_1
launch_runs synth_1 -jobs 8
[Thu Feb  8 08:11:16 2024] Launched synth_1...
Run output will be captured here: C:/Users/qinyu/OneDrive/Desktop/CSE100/CSE-100/Lab 4/Lab4/Lab4.runs/synth_1/runme.log
reset_run synth_1
launch_runs synth_1 -jobs 8
[Thu Feb  8 08:12:21 2024] Launched synth_1...
Run output will be captured here: C:/Users/qinyu/OneDrive/Desktop/CSE100/CSE-100/Lab 4/Lab4/Lab4.runs/synth_1/runme.log
reset_run synth_1
launch_runs synth_1 -jobs 8
[Thu Feb  8 08:13:13 2024] Launched synth_1...
Run output will be captured here: C:/Users/qinyu/OneDrive/Desktop/CSE100/CSE-100/Lab 4/Lab4/Lab4.runs/synth_1/runme.log
reset_run synth_1
launch_runs synth_1 -jobs 8
[Thu Feb  8 08:13:42 2024] Launched synth_1...
Run output will be captured here: C:/Users/qinyu/OneDrive/Desktop/CSE100/CSE-100/Lab 4/Lab4/Lab4.runs/synth_1/runme.log
launch_simulation
INFO: [Vivado 12-5682] Launching behavioral simulation in 'C:/Users/qinyu/OneDrive/Desktop/CSE100/CSE-100/Lab 4/Lab4/Lab4.sim/sim_1/behav/xsim'
INFO: [SIM-utils-51] Simulation object is 'sim_1'
INFO: [SIM-utils-54] Inspecting design source files for 'StateMachine_Test' in fileset 'sim_1'...
INFO: [USF-XSim-97] Finding global include files...
INFO: [USF-XSim-98] Fetching design files from 'sim_1'...
INFO: [USF-XSim-2] XSim::Compile design
INFO: [USF-XSim-61] Executing 'COMPILE and ANALYZE' step in 'C:/Users/qinyu/OneDrive/Desktop/CSE100/CSE-100/Lab 4/Lab4/Lab4.sim/sim_1/behav/xsim'
"xvlog --incr --relax -prj StateMachine_Test_vlog.prj"
INFO: [USF-XSim-69] 'compile' step finished in '1' seconds
INFO: [USF-XSim-3] XSim::Elaborate design
INFO: [USF-XSim-61] Executing 'ELABORATE' step in 'C:/Users/qinyu/OneDrive/Desktop/CSE100/CSE-100/Lab 4/Lab4/Lab4.sim/sim_1/behav/xsim'
"xelab -wto 83e735c7fab44058940f9cbf4c18ba67 --incr --debug typical --relax --mt 2 -L xil_defaultlib -L unisims_ver -L unimacro_ver -L secureip --snapshot StateMachine_Test_behav xil_defaultlib.StateMachine_Test xil_defaultlib.glbl -log elaborate.log"
Vivado Simulator 2019.1
Copyright 1986-1999, 2001-2019 Xilinx, Inc. All Rights Reserved.
Running: C:/Xilinx/Vivado/2019.1/bin/unwrapped/win64.o/xelab.exe -wto 83e735c7fab44058940f9cbf4c18ba67 --incr --debug typical --relax --mt 2 -L xil_defaultlib -L unisims_ver -L unimacro_ver -L secureip --snapshot StateMachine_Test_behav xil_defaultlib.StateMachine_Test xil_defaultlib.glbl -log elaborate.log 
Using 2 slave threads.
Starting static elaboration
Completed static elaboration
INFO: [XSIM 43-4323] No Change in HDL. Linking previously generated obj files to create kernel
INFO: [USF-XSim-69] 'elaborate' step finished in '2' seconds
INFO: [USF-XSim-4] XSim::Simulate design
INFO: [USF-XSim-61] Executing 'SIMULATE' step in 'C:/Users/qinyu/OneDrive/Desktop/CSE100/CSE-100/Lab 4/Lab4/Lab4.sim/sim_1/behav/xsim'
INFO: [USF-XSim-98] *** Running xsim
   with args "StateMachine_Test_behav -key {Behavioral:sim_1:Functional:StateMachine_Test} -tclbatch {StateMachine_Test.tcl} -log {simulate.log}"
INFO: [USF-XSim-8] Loading simulator feature
Vivado Simulator 2019.1
Time resolution is 1 ps
source StateMachine_Test.tcl
# set curr_wave [current_wave_config]
# if { [string length $curr_wave] == 0 } {
#   if { [llength [get_objects]] > 0} {
#     add_wave /
#     set_property needs_save false [current_wave_config]
#   } else {
#      send_msg_id Add_Wave-1 WARNING "No top level signals found. Simulator will start without a wave window. If you want to open a wave window go to 'File->New Waveform Configuration' or type 'create_wave_config' in the TCL console."
#   }
# }
# run 1000ns
INFO: [USF-XSim-96] XSim completed. Design snapshot 'StateMachine_Test_behav' loaded.
INFO: [USF-XSim-97] XSim simulation ran for 1000ns
launch_simulation: Time (s): cpu = 00:00:02 ; elapsed = 00:00:08 . Memory (MB): peak = 818.449 ; gain = 0.000
close_sim
INFO: [Simtcl 6-16] Simulation closed
reset_run synth_1
launch_runs synth_1 -jobs 8
[Thu Feb  8 09:08:59 2024] Launched synth_1...
Run output will be captured here: C:/Users/qinyu/OneDrive/Desktop/CSE100/CSE-100/Lab 4/Lab4/Lab4.runs/synth_1/runme.log
reset_run synth_1
launch_runs synth_1 -jobs 8
[Thu Feb  8 09:10:52 2024] Launched synth_1...
Run output will be captured here: C:/Users/qinyu/OneDrive/Desktop/CSE100/CSE-100/Lab 4/Lab4/Lab4.runs/synth_1/runme.log
launch_runs impl_1 -jobs 8
[Thu Feb  8 09:11:28 2024] Launched impl_1...
Run output will be captured here: C:/Users/qinyu/OneDrive/Desktop/CSE100/CSE-100/Lab 4/Lab4/Lab4.runs/impl_1/runme.log
add_files -fileset constrs_1 -norecurse {{C:/Users/qinyu/OneDrive/Desktop/CSE100/CSE-100/Lab 3/Lab3/Lab3.srcs/constrs_1/imports/Lab2/Basys3_Master.xdc}}
import_files -fileset constrs_1 {{C:/Users/qinyu/OneDrive/Desktop/CSE100/CSE-100/Lab 3/Lab3/Lab3.srcs/constrs_1/imports/Lab2/Basys3_Master.xdc}}
reset_run synth_1
launch_runs impl_1 -to_step write_bitstream -jobs 8
[Thu Feb  8 09:13:18 2024] Launched synth_1...
Run output will be captured here: C:/Users/qinyu/OneDrive/Desktop/CSE100/CSE-100/Lab 4/Lab4/Lab4.runs/synth_1/runme.log
[Thu Feb  8 09:13:18 2024] Launched impl_1...
Run output will be captured here: C:/Users/qinyu/OneDrive/Desktop/CSE100/CSE-100/Lab 4/Lab4/Lab4.runs/impl_1/runme.log
open_hw
connect_hw_server
INFO: [Labtools 27-2285] Connecting to hw_server url TCP:localhost:3121
INFO: [Labtools 27-2222] Launching hw_server...
INFO: [Labtools 27-2221] Launch Output:

****** Xilinx hw_server v2019.1
  **** Build date : May 24 2019 at 15:13:31
    ** Copyright 1986-2019 Xilinx, Inc. All Rights Reserved.


open_hw_target
INFO: [Labtoolstcl 44-466] Opening hw_target localhost:3121/xilinx_tcf/Digilent/210183AB4D7AA
set_property PROGRAM.FILE {C:/Users/qinyu/OneDrive/Desktop/CSE100/CSE-100/Lab 4/Lab4/Lab4.runs/impl_1/Top_Module.bit} [get_hw_devices xc7a35t_0]
current_hw_device [get_hw_devices xc7a35t_0]
refresh_hw_device -update_hw_probes false [lindex [get_hw_devices xc7a35t_0] 0]
INFO: [Labtools 27-1435] Device xc7a35t (JTAG device index = 0) is not programmed (DONE status = 0).
set_property PROBES.FILE {} [get_hw_devices xc7a35t_0]
set_property FULL_PROBES.FILE {} [get_hw_devices xc7a35t_0]
set_property PROGRAM.FILE {C:/Users/qinyu/OneDrive/Desktop/CSE100/CSE-100/Lab 4/Lab4/Lab4.runs/impl_1/Top_Module.bit} [get_hw_devices xc7a35t_0]
program_hw_devices [get_hw_devices xc7a35t_0]
INFO: [Labtools 27-3164] End of startup status: HIGH
refresh_hw_device [lindex [get_hw_devices xc7a35t_0] 0]
INFO: [Labtools 27-1434] Device xc7a35t (JTAG device index = 0) is programmed with a design that has no supported debug core(s) in it.
close_hw
reset_run synth_1
launch_runs impl_1 -to_step write_bitstream -jobs 8
[Thu Feb  8 09:27:22 2024] Launched synth_1...
Run output will be captured here: C:/Users/qinyu/OneDrive/Desktop/CSE100/CSE-100/Lab 4/Lab4/Lab4.runs/synth_1/runme.log
[Thu Feb  8 09:27:22 2024] Launched impl_1...
Run output will be captured here: C:/Users/qinyu/OneDrive/Desktop/CSE100/CSE-100/Lab 4/Lab4/Lab4.runs/impl_1/runme.log
open_hw
connect_hw_server
INFO: [Labtools 27-2285] Connecting to hw_server url TCP:localhost:3121
INFO: [Labtools 27-2222] Launching hw_server...
INFO: [Labtools 27-2221] Launch Output:

****** Xilinx hw_server v2019.1
  **** Build date : May 24 2019 at 15:13:31
    ** Copyright 1986-2019 Xilinx, Inc. All Rights Reserved.


open_hw_target
INFO: [Labtoolstcl 44-466] Opening hw_target localhost:3121/xilinx_tcf/Digilent/210183AB4D7AA
set_property PROGRAM.FILE {C:/Users/qinyu/OneDrive/Desktop/CSE100/CSE-100/Lab 4/Lab4/Lab4.runs/impl_1/Top_Module.bit} [get_hw_devices xc7a35t_0]
current_hw_device [get_hw_devices xc7a35t_0]
refresh_hw_device -update_hw_probes false [lindex [get_hw_devices xc7a35t_0] 0]
INFO: [Labtools 27-1434] Device xc7a35t (JTAG device index = 0) is programmed with a design that has no supported debug core(s) in it.
set_property PROBES.FILE {} [get_hw_devices xc7a35t_0]
set_property FULL_PROBES.FILE {} [get_hw_devices xc7a35t_0]
set_property PROGRAM.FILE {C:/Users/qinyu/OneDrive/Desktop/CSE100/CSE-100/Lab 4/Lab4/Lab4.runs/impl_1/Top_Module.bit} [get_hw_devices xc7a35t_0]
program_hw_devices [get_hw_devices xc7a35t_0]
INFO: [Labtools 27-3164] End of startup status: HIGH
refresh_hw_device [lindex [get_hw_devices xc7a35t_0] 0]
INFO: [Labtools 27-1434] Device xc7a35t (JTAG device index = 0) is programmed with a design that has no supported debug core(s) in it.
close_hw
reset_run synth_1
launch_runs synth_1 -jobs 8
[Thu Feb  8 10:01:26 2024] Launched synth_1...
Run output will be captured here: C:/Users/qinyu/OneDrive/Desktop/CSE100/CSE-100/Lab 4/Lab4/Lab4.runs/synth_1/runme.log
launch_simulation
INFO: [Vivado 12-5682] Launching behavioral simulation in 'C:/Users/qinyu/OneDrive/Desktop/CSE100/CSE-100/Lab 4/Lab4/Lab4.sim/sim_1/behav/xsim'
INFO: [SIM-utils-51] Simulation object is 'sim_1'
INFO: [SIM-utils-54] Inspecting design source files for 'StateMachine_Test' in fileset 'sim_1'...
INFO: [USF-XSim-97] Finding global include files...
INFO: [USF-XSim-98] Fetching design files from 'sim_1'...
INFO: [USF-XSim-2] XSim::Compile design
INFO: [USF-XSim-61] Executing 'COMPILE and ANALYZE' step in 'C:/Users/qinyu/OneDrive/Desktop/CSE100/CSE-100/Lab 4/Lab4/Lab4.sim/sim_1/behav/xsim'
"xvlog --incr --relax -prj StateMachine_Test_vlog.prj"
INFO: [VRFC 10-2263] Analyzing Verilog file "C:/Users/qinyu/OneDrive/Desktop/CSE100/CSE-100/Lab 4/Lab4/Lab4.srcs/sources_1/new/State_Machine.v" into library xil_defaultlib
INFO: [VRFC 10-311] analyzing module State_Machine
INFO: [VRFC 10-2263] Analyzing Verilog file "C:/Users/qinyu/OneDrive/Desktop/CSE100/CSE-100/Lab 4/Lab4/Lab4.srcs/sim_1/new/StateMachine_Test.v" into library xil_defaultlib
INFO: [VRFC 10-311] analyzing module StateMachine_Test
INFO: [USF-XSim-69] 'compile' step finished in '2' seconds
INFO: [USF-XSim-3] XSim::Elaborate design
INFO: [USF-XSim-61] Executing 'ELABORATE' step in 'C:/Users/qinyu/OneDrive/Desktop/CSE100/CSE-100/Lab 4/Lab4/Lab4.sim/sim_1/behav/xsim'
"xelab -wto 83e735c7fab44058940f9cbf4c18ba67 --incr --debug typical --relax --mt 2 -L xil_defaultlib -L unisims_ver -L unimacro_ver -L secureip --snapshot StateMachine_Test_behav xil_defaultlib.StateMachine_Test xil_defaultlib.glbl -log elaborate.log"
Vivado Simulator 2019.1
Copyright 1986-1999, 2001-2019 Xilinx, Inc. All Rights Reserved.
Running: C:/Xilinx/Vivado/2019.1/bin/unwrapped/win64.o/xelab.exe -wto 83e735c7fab44058940f9cbf4c18ba67 --incr --debug typical --relax --mt 2 -L xil_defaultlib -L unisims_ver -L unimacro_ver -L secureip --snapshot StateMachine_Test_behav xil_defaultlib.StateMachine_Test xil_defaultlib.glbl -log elaborate.log 
Using 2 slave threads.
Starting static elaboration
Completed static elaboration
Starting simulation data flow analysis
Completed simulation data flow analysis
Time Resolution for simulation is 1ps
Compiling module unisims_ver.FDRE(INIT=1'b1)
Compiling module xil_defaultlib.State_Machine_default
Compiling module xil_defaultlib.StateMachine_Test
Compiling module xil_defaultlib.glbl
Built simulation snapshot StateMachine_Test_behav
INFO: [USF-XSim-69] 'elaborate' step finished in '2' seconds
INFO: [USF-XSim-4] XSim::Simulate design
INFO: [USF-XSim-61] Executing 'SIMULATE' step in 'C:/Users/qinyu/OneDrive/Desktop/CSE100/CSE-100/Lab 4/Lab4/Lab4.sim/sim_1/behav/xsim'
INFO: [USF-XSim-98] *** Running xsim
   with args "StateMachine_Test_behav -key {Behavioral:sim_1:Functional:StateMachine_Test} -tclbatch {StateMachine_Test.tcl} -log {simulate.log}"
INFO: [USF-XSim-8] Loading simulator feature
Vivado Simulator 2019.1
Time resolution is 1 ps
source StateMachine_Test.tcl
# set curr_wave [current_wave_config]
# if { [string length $curr_wave] == 0 } {
#   if { [llength [get_objects]] > 0} {
#     add_wave /
#     set_property needs_save false [current_wave_config]
#   } else {
#      send_msg_id Add_Wave-1 WARNING "No top level signals found. Simulator will start without a wave window. If you want to open a wave window go to 'File->New Waveform Configuration' or type 'create_wave_config' in the TCL console."
#   }
# }
# run 1000ns
INFO: [USF-XSim-96] XSim completed. Design snapshot 'StateMachine_Test_behav' loaded.
INFO: [USF-XSim-97] XSim simulation ran for 1000ns
launch_simulation: Time (s): cpu = 00:00:02 ; elapsed = 00:00:08 . Memory (MB): peak = 2057.844 ; gain = 7.078
run 271 ns
run 2000 ns
run 2000 ns
relaunch_sim
INFO: [Vivado 12-5682] Launching behavioral simulation in 'C:/Users/qinyu/OneDrive/Desktop/CSE100/CSE-100/Lab 4/Lab4/Lab4.sim/sim_1/behav/xsim'
INFO: [SIM-utils-51] Simulation object is 'sim_1'
INFO: [SIM-utils-54] Inspecting design source files for 'StateMachine_Test' in fileset 'sim_1'...
INFO: [USF-XSim-97] Finding global include files...
INFO: [USF-XSim-98] Fetching design files from 'sim_1'...
INFO: [USF-XSim-2] XSim::Compile design
INFO: [USF-XSim-61] Executing 'COMPILE and ANALYZE' step in 'C:/Users/qinyu/OneDrive/Desktop/CSE100/CSE-100/Lab 4/Lab4/Lab4.sim/sim_1/behav/xsim'
"xvlog --incr --relax -prj StateMachine_Test_vlog.prj"
INFO: [VRFC 10-2263] Analyzing Verilog file "C:/Users/qinyu/OneDrive/Desktop/CSE100/CSE-100/Lab 4/Lab4/Lab4.srcs/sources_1/new/State_Machine.v" into library xil_defaultlib
INFO: [VRFC 10-311] analyzing module State_Machine
INFO: [VRFC 10-2263] Analyzing Verilog file "C:/Users/qinyu/OneDrive/Desktop/CSE100/CSE-100/Lab 4/Lab4/Lab4.srcs/sim_1/new/StateMachine_Test.v" into library xil_defaultlib
INFO: [VRFC 10-311] analyzing module StateMachine_Test
INFO: [USF-XSim-69] 'compile' step finished in '2' seconds
INFO: [Vivado 12-5682] Launching behavioral simulation in 'C:/Users/qinyu/OneDrive/Desktop/CSE100/CSE-100/Lab 4/Lab4/Lab4.sim/sim_1/behav/xsim'
INFO: [USF-XSim-3] XSim::Elaborate design
INFO: [USF-XSim-61] Executing 'ELABORATE' step in 'C:/Users/qinyu/OneDrive/Desktop/CSE100/CSE-100/Lab 4/Lab4/Lab4.sim/sim_1/behav/xsim'
"xelab -wto 83e735c7fab44058940f9cbf4c18ba67 --incr --debug typical --relax --mt 2 -L xil_defaultlib -L unisims_ver -L unimacro_ver -L secureip --snapshot StateMachine_Test_behav xil_defaultlib.StateMachine_Test xil_defaultlib.glbl -log elaborate.log"
Vivado Simulator 2019.1
Copyright 1986-1999, 2001-2019 Xilinx, Inc. All Rights Reserved.
Running: C:/Xilinx/Vivado/2019.1/bin/unwrapped/win64.o/xelab.exe -wto 83e735c7fab44058940f9cbf4c18ba67 --incr --debug typical --relax --mt 2 -L xil_defaultlib -L unisims_ver -L unimacro_ver -L secureip --snapshot StateMachine_Test_behav xil_defaultlib.StateMachine_Test xil_defaultlib.glbl -log elaborate.log 
Using 2 slave threads.
Starting static elaboration
Completed static elaboration
Starting simulation data flow analysis
Completed simulation data flow analysis
Time Resolution for simulation is 1ps
Compiling module unisims_ver.FDRE(INIT=1'b1)
Compiling module xil_defaultlib.State_Machine_default
Compiling module xil_defaultlib.StateMachine_Test
Compiling module xil_defaultlib.glbl
Built simulation snapshot StateMachine_Test_behav
INFO: [USF-XSim-69] 'elaborate' step finished in '2' seconds
Vivado Simulator 2019.1
Time resolution is 1 ps
relaunch_sim: Time (s): cpu = 00:00:01 ; elapsed = 00:00:09 . Memory (MB): peak = 2059.098 ; gain = 0.000
run 2000 ns
relaunch_sim
INFO: [Vivado 12-5682] Launching behavioral simulation in 'C:/Users/qinyu/OneDrive/Desktop/CSE100/CSE-100/Lab 4/Lab4/Lab4.sim/sim_1/behav/xsim'
INFO: [SIM-utils-51] Simulation object is 'sim_1'
INFO: [SIM-utils-54] Inspecting design source files for 'StateMachine_Test' in fileset 'sim_1'...
INFO: [USF-XSim-97] Finding global include files...
INFO: [USF-XSim-98] Fetching design files from 'sim_1'...
INFO: [USF-XSim-2] XSim::Compile design
INFO: [USF-XSim-61] Executing 'COMPILE and ANALYZE' step in 'C:/Users/qinyu/OneDrive/Desktop/CSE100/CSE-100/Lab 4/Lab4/Lab4.sim/sim_1/behav/xsim'
"xvlog --incr --relax -prj StateMachine_Test_vlog.prj"
INFO: [VRFC 10-2263] Analyzing Verilog file "C:/Users/qinyu/OneDrive/Desktop/CSE100/CSE-100/Lab 4/Lab4/Lab4.srcs/sources_1/new/State_Machine.v" into library xil_defaultlib
INFO: [VRFC 10-311] analyzing module State_Machine
INFO: [VRFC 10-2263] Analyzing Verilog file "C:/Users/qinyu/OneDrive/Desktop/CSE100/CSE-100/Lab 4/Lab4/Lab4.srcs/sim_1/new/StateMachine_Test.v" into library xil_defaultlib
INFO: [VRFC 10-311] analyzing module StateMachine_Test
INFO: [USF-XSim-69] 'compile' step finished in '2' seconds
INFO: [Vivado 12-5682] Launching behavioral simulation in 'C:/Users/qinyu/OneDrive/Desktop/CSE100/CSE-100/Lab 4/Lab4/Lab4.sim/sim_1/behav/xsim'
INFO: [USF-XSim-3] XSim::Elaborate design
INFO: [USF-XSim-61] Executing 'ELABORATE' step in 'C:/Users/qinyu/OneDrive/Desktop/CSE100/CSE-100/Lab 4/Lab4/Lab4.sim/sim_1/behav/xsim'
"xelab -wto 83e735c7fab44058940f9cbf4c18ba67 --incr --debug typical --relax --mt 2 -L xil_defaultlib -L unisims_ver -L unimacro_ver -L secureip --snapshot StateMachine_Test_behav xil_defaultlib.StateMachine_Test xil_defaultlib.glbl -log elaborate.log"
Vivado Simulator 2019.1
Copyright 1986-1999, 2001-2019 Xilinx, Inc. All Rights Reserved.
Running: C:/Xilinx/Vivado/2019.1/bin/unwrapped/win64.o/xelab.exe -wto 83e735c7fab44058940f9cbf4c18ba67 --incr --debug typical --relax --mt 2 -L xil_defaultlib -L unisims_ver -L unimacro_ver -L secureip --snapshot StateMachine_Test_behav xil_defaultlib.StateMachine_Test xil_defaultlib.glbl -log elaborate.log 
Using 2 slave threads.
Starting static elaboration
Completed static elaboration
Starting simulation data flow analysis
Completed simulation data flow analysis
Time Resolution for simulation is 1ps
Compiling module unisims_ver.FDRE(INIT=1'b1)
Compiling module xil_defaultlib.State_Machine_default
Compiling module xil_defaultlib.StateMachine_Test
Compiling module xil_defaultlib.glbl
Built simulation snapshot StateMachine_Test_behav
INFO: [USF-XSim-69] 'elaborate' step finished in '2' seconds
Vivado Simulator 2019.1
Time resolution is 1 ps
relaunch_sim: Time (s): cpu = 00:00:01 ; elapsed = 00:00:09 . Memory (MB): peak = 2059.098 ; gain = 0.000
run 2000 ns
close_sim
INFO: [Simtcl 6-16] Simulation closed
close_sim: Time (s): cpu = 00:00:04 ; elapsed = 00:00:10 . Memory (MB): peak = 2059.480 ; gain = 0.000
exit
INFO: [Common 17-206] Exiting Vivado at Fri Feb  9 14:57:45 2024...
