#-----------------------------------------------------------
# Vivado v2019.1 (64-bit)
# SW Build 2552052 on Fri May 24 14:49:42 MDT 2019
# IP Build 2548770 on Fri May 24 18:01:18 MDT 2019
# Start of session at: Tue Jan 30 17:32:35 2024
# Process ID: 11808
# Current directory: C:/Users/qinyu/OneDrive/Desktop/CSE100/CSE-100/Lab 3/Lab3
# Command line: vivado.exe -gui_launcher_event rodinguilauncherevent4120 C:\Users\qinyu\OneDrive\Desktop\CSE100\CSE-100\Lab 3\Lab3\Lab3.xpr
# Log file: C:/Users/qinyu/OneDrive/Desktop/CSE100/CSE-100/Lab 3/Lab3/vivado.log
# Journal file: C:/Users/qinyu/OneDrive/Desktop/CSE100/CSE-100/Lab 3/Lab3\vivado.jou
#-----------------------------------------------------------
start_gui
open_project {C:/Users/qinyu/OneDrive/Desktop/CSE100/CSE-100/Lab 3/Lab3/Lab3.xpr}
Scanning sources...
Finished scanning sources
INFO: [IP_Flow 19-234] Refreshing IP repositories
INFO: [IP_Flow 19-1704] No user IP repositories specified
INFO: [IP_Flow 19-2313] Loaded Vivado IP repository 'C:/Xilinx/Vivado/2019.1/data/ip'.
open_project: Time (s): cpu = 00:00:07 ; elapsed = 00:00:07 . Memory (MB): peak = 784.109 ; gain = 163.293
update_compile_order -fileset sources_1
exit
INFO: [Common 17-206] Exiting Vivado at Tue Jan 30 17:33:06 2024...
e file because it is being used by another process: "C:/Users/qinyu/OneDrive/Desktop/CSE100/CSE-100/Lab 3/Lab3/Lab3.sim/sim_1/behav/xsim/simulate.log"
launch_simulation
boost::filesystem::remove: The process cannot access the file because it is being used by another process: "C:/Users/qinyu/OneDrive/Desktop/CSE100/CSE-100/Lab 3/Lab3/Lab3.sim/sim_1/behav/xsim/simulate.log"
launch_simulation
boost::filesystem::remove: The process cannot access the file because it is being used by another process: "C:/Users/qinyu/OneDrive/Desktop/CSE100/CSE-100/Lab 3/Lab3/Lab3.sim/sim_1/behav/xsim/simulate.log"
launch_simulation
boost::filesystem::remove: The process cannot access the file because it is being used by another process: "C:/Users/qinyu/OneDrive/Desktop/CSE100/CSE-100/Lab 3/Lab3/Lab3.sim/sim_1/behav/xsim/simulate.log"
launch_simulation
boost::filesystem::remove: The process cannot access the file because it is being used by another process: "C:/Users/qinyu/OneDrive/Desktop/CSE100/CSE-100/Lab 3/Lab3/Lab3.sim/sim_1/behav/xsim/simulate.log"
reset_run synth_1
WARNING: [Vivado 12-1017] Problems encountered:
1. Failed to delete one or more files in run directory C:/Users/qinyu/OneDrive/Desktop/CSE100/CSE-100/Lab 3/Lab3/Lab3.runs/synth_1

launch_runs impl_1 -to_step write_bitstream -jobs 8
[Tue Jan 30 17:34:54 2024] Launched synth_1...
Run output will be captured here: C:/Users/qinyu/OneDrive/Desktop/CSE100/CSE-100/Lab 3/Lab3/Lab3.runs/synth_1/runme.log
[Tue Jan 30 17:34:54 2024] Launched impl_1...
Run output will be captured here: C:/Users/qinyu/OneDrive/Desktop/CSE100/CSE-100/Lab 3/Lab3/Lab3.runs/impl_1/runme.log
open_hw
connect_hw_server
INFO: [Labtools 27-2285] Connecting to hw_server url TCP:localhost:3121
INFO: [Labtools 27-2222] Launching hw_server...
INFO: [Labtools 27-2221] Launch Output:

****** Xilinx hw_server v2019.1
  **** Build date : May 24 2019 at 15:13:31
    ** Copyright 1986-2019 Xilinx, Inc. All Rights Reserved.


open_hw_target
INFO: [Labtoolstcl 44-466] Opening hw_target localhost:3121/xilinx_tcf/Digilent/210183AB4877A
set_property PROGRAM.FILE {C:/Users/qinyu/OneDrive/Desktop/CSE100/CSE-100/Lab 3/Lab3/Lab3.runs/impl_1/Top_Module.bit} [get_hw_devices xc7a35t_0]
current_hw_device [get_hw_devices xc7a35t_0]
refresh_hw_device -update_hw_probes false [lindex [get_hw_devices xc7a35t_0] 0]
INFO: [Labtools 27-1434] Device xc7a35t (JTAG device index = 0) is programmed with a design that has no supported debug core(s) in it.
set_property PROBES.FILE {} [get_hw_devices xc7a35t_0]
set_property FULL_PROBES.FILE {} [get_hw_devices xc7a35t_0]
set_property PROGRAM.FILE {C:/Users/qinyu/OneDrive/Desktop/CSE100/CSE-100/Lab 3/Lab3/Lab3.runs/impl_1/Top_Module.bit} [get_hw_devices xc7a35t_0]
program_hw_devices [get_hw_devices xc7a35t_0]
INFO: [Labtools 27-3164] End of startup status: HIGH
refresh_hw_device [lindex [get_hw_devices xc7a35t_0] 0]
INFO: [Labtools 27-1434] Device xc7a35t (JTAG device index = 0) is programmed with a design that has no supported debug core(s) in it.
archive_project {C:/Users/qinyu/OneDrive/Desktop/CSE100/CSE-100/Lab 3/Lab3.xpr.zip} -temp_dir {C:/Users/qinyu/OneDrive/Desktop/CSE100/CSE-100/Lab 3/Lab3/.Xil/Vivado-2792-SurfaceQ} -force -include_local_ip_cache
INFO: [Coretcl 2-137] starting archive...
INFO: [Coretcl 2-1499] Saving project copy to temporary location 'C:/Users/qinyu/OneDrive/Desktop/CSE100/CSE-100/Lab 3/Lab3/.Xil/Vivado-2792-SurfaceQ' for archiving project
Scanning sources...
Finished scanning sources
INFO: [Coretcl 2-1211] Creating project copy for archival...
INFO: [ProjectBase 1-495] The host OS only allows 260 characters in a normal path. The project is stored in a path with more than 80 characters. If you experience any problem with archiving the project, please consider setting environment variable $TEMP to a shorter path.
Current project path is 'C:/Users/qinyu/OneDrive/Desktop/CSE100/CSE-100/Lab 3/Lab3/.Xil/Vivado-2792-SurfaceQ/PrjAr/_X_'.
INFO: [Coretcl 2-1213] Including run results for 'synth_1'
INFO: [Coretcl 2-1213] Including run results for 'impl_1'
INFO: [Coretcl 2-1209] Adding archive summary file to the project...
INFO: [Coretcl 2-1214] Preparing project files for archive...
INFO: [Coretcl 2-1210] Compressing project files and data...
INFO: [Coretcl 2-1215] Project archived (C:/Users/qinyu/OneDrive/Desktop/CSE100/CSE-100/Lab 3/Lab3.xpr.zip)
INFO: [Coretcl 2-1216] To view the archive summary log in GUI, double click on 'Design Sources->Text->archive_project_summary.txt', or open this file from the archived project directory.
set_property PROBES.FILE {} [get_hw_devices xc7a35t_0]
set_property FULL_PROBES.FILE {} [get_hw_devices xc7a35t_0]
set_property PROGRAM.FILE {C:/Users/qinyu/OneDrive/Desktop/CSE100/CSE-100/Lab 3/Lab3/Lab3.runs/impl_1/Top_Module.bit} [get_hw_devices xc7a35t_0]
program_hw_devices [get_hw_devices xc7a35t_0]
INFO: [Labtools 27-3164] End of startup status: HIGH
refresh_hw_device [lindex [get_hw_devices xc7a35t_0] 0]
INFO: [Labtools 27-1434] Device xc7a35t (JTAG device index = 0) is programmed with a design that has no supported debug core(s) in it.
reset_run impl_1 -prev_step 
launch_runs impl_1 -to_step write_bitstream -jobs 8
[Tue Jan 30 17:51:20 2024] Launched impl_1...
Run output will be captured here: C:/Users/qinyu/OneDrive/Desktop/CSE100/CSE-100/Lab 3/Lab3/Lab3.runs/impl_1/runme.log
set_property PROBES.FILE {} [get_hw_devices xc7a35t_0]
set_property FULL_PROBES.FILE {} [get_hw_devices xc7a35t_0]
set_property PROGRAM.FILE {C:/Users/qinyu/OneDrive/Desktop/CSE100/CSE-100/Lab 3/Lab3/Lab3.runs/impl_1/Top_Module.bit} [get_hw_devices xc7a35t_0]
program_hw_devices [get_hw_devices xc7a35t_0]
INFO: [Labtools 27-3164] End of startup status: HIGH
refresh_hw_device [lindex [get_hw_devices xc7a35t_0] 0]
INFO: [Labtools 27-1434] Device xc7a35t (JTAG device index = 0) is programmed with a design that has no supported debug core(s) in it.
exit
INFO: [Common 17-206] Exiting Vivado at Tue Jan 30 18:13:48 2024...
