INFO: [VRFC 10-2263] Analyzing Verilog file "C:/Users/qinyu/OneDrive/Desktop/CSE100/CSE-100/Lab 6/Lab6/Lab6.srcs/sources_1/new/Color.v" into library xil_defaultlib
INFO: [VRFC 10-311] analyzing module Color
INFO: [VRFC 10-2263] Analyzing Verilog file "C:/Users/qinyu/OneDrive/Desktop/CSE100/CSE-100/Lab 6/Lab6/Lab6.srcs/sources_1/new/Frame.v" into library xil_defaultlib
INFO: [VRFC 10-311] analyzing module Frame
INFO: [VRFC 10-2263] Analyzing Verilog file "C:/Users/qinyu/OneDrive/Desktop/CSE100/CSE-100/Lab 6/Lab6/Lab6.srcs/sources_1/new/Syncs.v" into library xil_defaultlib
INFO: [VRFC 10-311] analyzing module Syncs
INFO: [VRFC 10-2263] Analyzing Verilog file "C:/Users/qinyu/OneDrive/Desktop/CSE100/CSE-100/Lab 6/Lab6/Lab6.srcs/sources_1/new/Top_Module.v" into library xil_defaultlib
INFO: [VRFC 10-311] analyzing module Top_Module
INFO: [VRFC 10-2263] Analyzing Verilog file "C:/Users/qinyu/OneDrive/Desktop/CSE100/CSE-100/Lab 6/Lab6/Lab6.srcs/sources_1/imports/new/countUD15L.v" into library xil_defaultlib
INFO: [VRFC 10-311] analyzing module countUD15L
INFO: [VRFC 10-2263] Analyzing Verilog file "C:/Users/qinyu/OneDrive/Desktop/CSE100/CSE-100/Lab 6/Lab6/Lab6.srcs/sources_1/imports/new/countUD5L.v" into library xil_defaultlib
INFO: [VRFC 10-311] analyzing module countUD5L
INFO: [VRFC 10-2263] Analyzing Verilog file "C:/Users/qinyu/OneDrive/Desktop/CSE100/CSE-100/Lab 6/Lab6/Lab6.srcs/sources_1/imports/sources_1/imports/new/labVGA_clks.v" into library xil_defaultlib
INFO: [VRFC 10-311] analyzing module labVGA_clks
INFO: [VRFC 10-311] analyzing module clk_wiz_0
INFO: [VRFC 10-311] analyzing module clkcntrl4
INFO: [VRFC 10-311] analyzing module FTCE_MXILINX_clkcntrl4
INFO: [VRFC 10-311] analyzing module CB4CE_MXILINX_clkcntrl4
INFO: [VRFC 10-2263] Analyzing Verilog file "C:/Users/qinyu/OneDrive/Desktop/CSE100/CSE-100/Lab 6/Lab6/Lab6.srcs/sim_1/imports/Lab6.sim/test3.v" into library xil_defaultlib
INFO: [VRFC 10-311] analyzing module testSyncs
INFO: [VRFC 10-311] analyzing module check_the_sync_signals
INFO: [VRFC 10-311] analyzing module check_the_rgb_signals
