#-----------------------------------------------------------
# Vivado v2019.1 (64-bit)
# SW Build 2552052 on Fri May 24 14:49:42 MDT 2019
# IP Build 2548770 on Fri May 24 18:01:18 MDT 2019
# Start of session at: Tue Jan 16 16:26:34 2024
# Process ID: 12832
# Current directory: C:/Users/qinyu/OneDrive/Desktop/CSE100/CSE-100/Lab2
# Command line: vivado.exe -gui_launcher_event rodinguilauncherevent14160 C:\Users\qinyu\OneDrive\Desktop\CSE100\CSE-100\Lab2\Lab2.xpr
# Log file: C:/Users/qinyu/OneDrive/Desktop/CSE100/CSE-100/Lab2/vivado.log
# Journal file: C:/Users/qinyu/OneDrive/Desktop/CSE100/CSE-100/Lab2\vivado.jou
#-----------------------------------------------------------
start_gui
open_project C:/Users/qinyu/OneDrive/Desktop/CSE100/CSE-100/Lab2/Lab2.xpr
INFO: [Project 1-313] Project file moved from 'C:/Users/qinyu/Desktop/CSE 100/Lab2' since last save.
Scanning sources...
Finished scanning sources
WARNING: [filemgmt 56-2] IPUserFilesDir: Could not find the directory 'C:/Users/qinyu/OneDrive/Desktop/CSE100/CSE-100/Lab2/Lab2.ip_user_files', nor could it be found using path 'C:/Users/qinyu/Desktop/CSE 100/Lab2/Lab2.ip_user_files'.
INFO: [IP_Flow 19-234] Refreshing IP repositories
INFO: [IP_Flow 19-1704] No user IP repositories specified
INFO: [IP_Flow 19-2313] Loaded Vivado IP repository 'C:/Xilinx/Vivado/2019.1/data/ip'.
open_project: Time (s): cpu = 00:00:08 ; elapsed = 00:00:09 . Memory (MB): peak = 721.297 ; gain = 101.676
update_compile_order -fileset sources_1
close [ open C:/Users/qinyu/OneDrive/Desktop/CSE100/CSE-100/Lab2/Lab2.srcs/sources_1/new/2to1Mux.v w ]
add_files C:/Users/qinyu/OneDrive/Desktop/CSE100/CSE-100/Lab2/Lab2.srcs/sources_1/new/2to1Mux.v
update_compile_order -fileset sources_1
export_ip_user_files -of_objects  [get_files C:/Users/qinyu/OneDrive/Desktop/CSE100/CSE-100/Lab2/Lab2.srcs/sources_1/new/2to1Mux.v] -no_script -reset -force -quiet
remove_files  C:/Users/qinyu/OneDrive/Desktop/CSE100/CSE-100/Lab2/Lab2.srcs/sources_1/new/2to1Mux.v
remove_files  C:/Users/qinyu/OneDrive/Desktop/CSE100/CSE-100/Lab2/Lab2.srcs/sources_1/new/2to1Mux.v
WARNING: [Vivado 12-818] No files matched 'C:/Users/qinyu/OneDrive/Desktop/CSE100/CSE-100/Lab2/Lab2.srcs/sources_1/new/2to1Mux.v'
file delete -force C:/Users/qinyu/OneDrive/Desktop/CSE100/CSE-100/Lab2/Lab2.srcs/sources_1/new/2to1Mux.v
close [ open C:/Users/qinyu/OneDrive/Desktop/CSE100/CSE-100/Lab2/Lab2.srcs/sources_1/new/Mux.v w ]
add_files C:/Users/qinyu/OneDrive/Desktop/CSE100/CSE-100/Lab2/Lab2.srcs/sources_1/new/Mux.v
update_compile_order -fileset sources_1
close [ open C:/Users/qinyu/OneDrive/Desktop/CSE100/CSE-100/Lab2/Lab2.srcs/sources_1/new/hex7seg.v w ]
add_files C:/Users/qinyu/OneDrive/Desktop/CSE100/CSE-100/Lab2/Lab2.srcs/sources_1/new/hex7seg.v
update_compile_order -fileset sources_1
exit
INFO: [Common 17-206] Exiting Vivado at Wed Jan 17 00:43:54 2024...
