#-----------------------------------------------------------
# Vivado v2019.1 (64-bit)
# SW Build 2552052 on Fri May 24 14:49:42 MDT 2019
# IP Build 2548770 on Fri May 24 18:01:18 MDT 2019
# Start of session at: Wed Jan 17 21:11:55 2024
# Process ID: 29004
# Current directory: C:/Users/qinyu/Desktop/CSE 100/CSE-100/Lab2
# Command line: vivado.exe -gui_launcher_event rodinguilauncherevent21752 C:\Users\qinyu\Desktop\CSE 100\CSE-100\Lab2\Lab2.xpr
# Log file: C:/Users/qinyu/Desktop/CSE 100/CSE-100/Lab2/vivado.log
# Journal file: C:/Users/qinyu/Desktop/CSE 100/CSE-100/Lab2\vivado.jou
#-----------------------------------------------------------
start_gui
open_project {C:/Users/qinyu/Desktop/CSE 100/CSE-100/Lab2/Lab2.xpr}
Scanning sources...
Finished scanning sources
INFO: [IP_Flow 19-234] Refreshing IP repositories
INFO: [IP_Flow 19-1704] No user IP repositories specified
INFO: [IP_Flow 19-2313] Loaded Vivado IP repository 'C:/Xilinx/Vivado/2019.1/data/ip'.
update_compile_order -fileset sources_1
launch_simulation
boost::filesystem::remove: The process cannot access the file because it is being used by another process: "C:/Users/qinyu/Desktop/CSE 100/CSE-100/Lab2/Lab2.sim/sim_1/behav/xsim/simulate.log"
launch_simulation
boost::filesystem::remove: The process cannot access the file because it is being used by another process: "C:/Users/qinyu/Desktop/CSE 100/CSE-100/Lab2/Lab2.sim/sim_1/behav/xsim/simulate.log"
